{"C:\\Users\\trale\\Documents\\Dev\\budget-manager\\budget-manager-server\\__tests__\\testSetup.ts": {"path":"C:\\Users\\trale\\Documents\\Dev\\budget-manager\\budget-manager-server\\__tests__\\testSetup.ts","statementMap":{"0":{"start":{"line":1,"column":0},"end":{"line":1,"column":58}},"1":{"start":{"line":2,"column":0},"end":{"line":2,"column":32}},"2":{"start":{"line":3,"column":0},"end":{"line":3,"column":31}},"3":{"start":{"line":5,"column":0},"end":{"line":5,"column":34}},"4":{"start":{"line":6,"column":0},"end":{"line":6,"column":50}},"5":{"start":{"line":8,"column":0},"end":{"line":8,"column":27}},"6":{"start":{"line":24,"column":4},"end":{"line":24,"column":42}},"7":{"start":{"line":27,"column":16},"end":{"line":27,"column":48}},"8":{"start":{"line":29,"column":4},"end":{"line":34,"column":7}},"9":{"start":{"line":38,"column":4},"end":{"line":38,"column":38}},"10":{"start":{"line":39,"column":4},"end":{"line":39,"column":29}},"11":{"start":{"line":43,"column":4},"end":{"line":43,"column":20}},"12":{"start":{"line":47,"column":24},"end":{"line":47,"column":55}},"13":{"start":{"line":48,"column":4},"end":{"line":52,"column":null}},"14":{"start":{"line":49,"column":25},"end":{"line":49,"column":52}},"15":{"start":{"line":51,"column":6},"end":{"line":51,"column":38}},"16":{"start":{"line":56,"column":4},"end":{"line":65,"column":8}},"17":{"start":{"line":20,"column":0},"end":{"line":20,"column":13}}},"fnMap":{"0":{"name":"(anonymous_1)","decl":{"start":{"line":23,"column":2},"end":{"line":23,"column":null}},"loc":{"start":{"line":23,"column":2},"end":{"line":25,"column":3}}},"1":{"name":"(anonymous_2)","decl":{"start":{"line":26,"column":2},"end":{"line":26,"column":7}},"loc":{"start":{"line":26,"column":30},"end":{"line":35,"column":3}}},"2":{"name":"(anonymous_3)","decl":{"start":{"line":37,"column":2},"end":{"line":37,"column":7}},"loc":{"start":{"line":37,"column":14},"end":{"line":40,"column":3}}},"3":{"name":"(anonymous_4)","decl":{"start":{"line":42,"column":2},"end":{"line":42,"column":7}},"loc":{"start":{"line":42,"column":14},"end":{"line":44,"column":3}}},"4":{"name":"(anonymous_5)","decl":{"start":{"line":46,"column":2},"end":{"line":46,"column":7}},"loc":{"start":{"line":46,"column":17},"end":{"line":53,"column":3}}},"5":{"name":"(anonymous_6)","decl":{"start":{"line":55,"column":2},"end":{"line":55,"column":6}},"loc":{"start":{"line":55,"column":25},"end":{"line":66,"column":3}}}},"branchMap":{},"s":{"0":1,"1":1,"2":1,"3":1,"4":1,"5":1,"6":1,"7":1,"8":1,"9":1,"10":1,"11":25,"12":24,"13":24,"14":120,"15":120,"16":4,"17":1},"f":{"0":1,"1":1,"2":1,"3":25,"4":24,"5":4},"b":{}}
,"C:\\Users\\trale\\Documents\\Dev\\budget-manager\\budget-manager-server\\__tests__\\seeds\\index.ts": {"path":"C:\\Users\\trale\\Documents\\Dev\\budget-manager\\budget-manager-server\\__tests__\\seeds\\index.ts","statementMap":{"0":{"start":{"line":1,"column":0},"end":{"line":1,"column":32}},"1":{"start":{"line":2,"column":0},"end":{"line":2,"column":20}},"2":{"start":{"line":3,"column":0},"end":{"line":3,"column":24}},"3":{"start":{"line":4,"column":0},"end":{"line":4,"column":24}},"4":{"start":{"line":6,"column":16},"end":{"line":6,"column":42}},"5":{"start":{"line":8,"column":23},"end":{"line":31,"column":1}},"6":{"start":{"line":9,"column":21},"end":{"line":9,"column":45}},"7":{"start":{"line":11,"column":20},"end":{"line":12,"column":null}},"8":{"start":{"line":12,"column":4},"end":{"line":12,"column":36}},"9":{"start":{"line":15,"column":2},"end":{"line":30,"column":null}},"10":{"start":{"line":16,"column":21},"end":{"line":16,"column":49}},"11":{"start":{"line":19,"column":6},"end":{"line":19,"column":76}},"12":{"start":{"line":21,"column":23},"end":{"line":21,"column":49}},"13":{"start":{"line":23,"column":4},"end":{"line":25,"column":null}},"14":{"start":{"line":24,"column":6},"end":{"line":24,"column":54}},"15":{"start":{"line":27,"column":24},"end":{"line":27,"column":59}},"16":{"start":{"line":29,"column":4},"end":{"line":29,"column":39}},"17":{"start":{"line":8,"column":13},"end":{"line":8,"column":23}}},"fnMap":{"0":{"name":"(anonymous_1)","decl":{"start":{"line":8,"column":23},"end":{"line":8,"column":28}},"loc":{"start":{"line":8,"column":34},"end":{"line":31,"column":1}}},"1":{"name":"(anonymous_2)","decl":{"start":{"line":11,"column":38},"end":{"line":11,"column":39}},"loc":{"start":{"line":12,"column":4},"end":{"line":12,"column":36}}}},"branchMap":{"0":{"loc":{"start":{"line":23,"column":4},"end":{"line":25,"column":null}},"type":"if","locations":[{"start":{"line":23,"column":4},"end":{"line":25,"column":null}},{"start":{"line":23,"column":4},"end":{"line":25,"column":null}}]}},"s":{"0":1,"1":1,"2":1,"3":1,"4":1,"5":1,"6":25,"7":25,"8":50,"9":25,"10":25,"11":25,"12":25,"13":25,"14":0,"15":25,"16":25,"17":1},"f":{"0":25,"1":50},"b":{"0":[0,25]}}
,"C:\\Users\\trale\\Documents\\Dev\\budget-manager\\budget-manager-server\\src\\server.ts": {"path":"C:\\Users\\trale\\Documents\\Dev\\budget-manager\\budget-manager-server\\src\\server.ts","statementMap":{"0":{"start":{"line":1,"column":0},"end":{"line":1,"column":69}},"1":{"start":{"line":2,"column":0},"end":{"line":2,"column":30}},"2":{"start":{"line":3,"column":0},"end":{"line":3,"column":26}},"3":{"start":{"line":4,"column":0},"end":{"line":4,"column":43}},"4":{"start":{"line":5,"column":0},"end":{"line":5,"column":39}},"5":{"start":{"line":7,"column":0},"end":{"line":7,"column":63}},"6":{"start":{"line":8,"column":0},"end":{"line":8,"column":77}},"7":{"start":{"line":9,"column":0},"end":{"line":9,"column":67}},"8":{"start":{"line":10,"column":0},"end":{"line":10,"column":61}},"9":{"start":{"line":11,"column":0},"end":{"line":11,"column":59}},"10":{"start":{"line":12,"column":0},"end":{"line":12,"column":65}},"11":{"start":{"line":14,"column":0},"end":{"line":14,"column":59}},"12":{"start":{"line":16,"column":28},"end":{"line":58,"column":1}},"13":{"start":{"line":17,"column":17},"end":{"line":34,"column":4}},"14":{"start":{"line":36,"column":17},"end":{"line":51,"column":4}},"15":{"start":{"line":39,"column":20},"end":{"line":39,"column":75}},"16":{"start":{"line":41,"column":6},"end":{"line":48,"column":null}},"17":{"start":{"line":42,"column":8},"end":{"line":47,"column":26}},"18":{"start":{"line":43,"column":10},"end":{"line":46,"column":12}},"19":{"start":{"line":49,"column":6},"end":{"line":49,"column":28}},"20":{"start":{"line":53,"column":14},"end":{"line":53,"column":23}},"21":{"start":{"line":55,"column":2},"end":{"line":55,"column":34}},"22":{"start":{"line":57,"column":2},"end":{"line":57,"column":13}},"23":{"start":{"line":16,"column":13},"end":{"line":16,"column":28}}},"fnMap":{"0":{"name":"(anonymous_1)","decl":{"start":{"line":16,"column":28},"end":{"line":16,"column":33}},"loc":{"start":{"line":16,"column":69},"end":{"line":58,"column":1}}},"1":{"name":"(anonymous_2)","decl":{"start":{"line":38,"column":13},"end":{"line":38,"column":14}},"loc":{"start":{"line":38,"column":41},"end":{"line":50,"column":5}}}},"branchMap":{"0":{"loc":{"start":{"line":39,"column":20},"end":{"line":39,"column":67}},"type":"binary-expr","locations":[{"start":{"line":39,"column":20},"end":{"line":39,"column":67}},{"start":{"line":39,"column":71},"end":{"line":39,"column":75}}]},"1":{"loc":{"start":{"line":41,"column":6},"end":{"line":48,"column":null}},"type":"if","locations":[{"start":{"line":41,"column":6},"end":{"line":48,"column":null}},{"start":{"line":41,"column":6},"end":{"line":48,"column":null}}]}},"s":{"0":1,"1":1,"2":1,"3":1,"4":1,"5":1,"6":1,"7":1,"8":1,"9":1,"10":1,"11":1,"12":1,"13":1,"14":1,"15":24,"16":24,"17":4,"18":4,"19":20,"20":1,"21":1,"22":1,"23":1},"f":{"0":1,"1":24},"b":{"0":[24,20],"1":[4,20]}}
,"C:\\Users\\trale\\Documents\\Dev\\budget-manager\\budget-manager-server\\src\\entities\\Category.ts": {"path":"C:\\Users\\trale\\Documents\\Dev\\budget-manager\\budget-manager-server\\src\\entities\\Category.ts","statementMap":{"0":{"start":{"line":1,"column":0},"end":{"line":1,"column":79}},"1":{"start":{"line":2,"column":0},"end":{"line":2,"column":33}},"2":{"start":{"line":3,"column":0},"end":{"line":3,"column":53}},"3":{"start":{"line":4,"column":0},"end":{"line":4,"column":30}},"4":{"start":{"line":5,"column":0},"end":{"line":5,"column":53}},"5":{"start":{"line":8,"column":0},"end":{"line":23,"column":null}},"6":{"start":{"line":10,"column":2},"end":{"line":10,"column":null}},"7":{"start":{"line":9,"column":20},"end":{"line":9,"column":22}},"8":{"start":{"line":14,"column":2},"end":{"line":14,"column":null}},"9":{"start":{"line":18,"column":2},"end":{"line":18,"column":null}},"10":{"start":{"line":16,"column":20},"end":{"line":16,"column":30}},"11":{"start":{"line":22,"column":2},"end":{"line":22,"column":null}},"12":{"start":{"line":20,"column":20},"end":{"line":20,"column":26}},"13":{"start":{"line":8,"column":13},"end":{"line":23,"column":null}},"14":{"start":{"line":8,"column":13},"end":{"line":8,"column":21}},"15":{"start":{"line":25,"column":13},"end":{"line":25,"column":56}}},"fnMap":{"0":{"name":"(anonymous_2)","decl":{"start":{"line":9,"column":9},"end":{"line":9,"column":10}},"loc":{"start":{"line":9,"column":20},"end":{"line":9,"column":22}}},"1":{"name":"(anonymous_3)","decl":{"start":{"line":16,"column":9},"end":{"line":16,"column":10}},"loc":{"start":{"line":16,"column":20},"end":{"line":16,"column":30}}},"2":{"name":"(anonymous_4)","decl":{"start":{"line":20,"column":9},"end":{"line":20,"column":10}},"loc":{"start":{"line":20,"column":20},"end":{"line":20,"column":26}}}},"branchMap":{},"s":{"0":1,"1":1,"2":1,"3":1,"4":1,"5":1,"6":1,"7":1,"8":1,"9":1,"10":1,"11":1,"12":1,"13":1,"14":1,"15":1},"f":{"0":1,"1":1,"2":1},"b":{}}
,"C:\\Users\\trale\\Documents\\Dev\\budget-manager\\budget-manager-server\\src\\entities\\Event.ts": {"path":"C:\\Users\\trale\\Documents\\Dev\\budget-manager\\budget-manager-server\\src\\entities\\Event.ts","statementMap":{"0":{"start":{"line":1,"column":0},"end":{"line":1,"column":79}},"1":{"start":{"line":2,"column":0},"end":{"line":2,"column":33}},"2":{"start":{"line":3,"column":0},"end":{"line":3,"column":60}},"3":{"start":{"line":4,"column":0},"end":{"line":4,"column":38}},"4":{"start":{"line":5,"column":0},"end":{"line":5,"column":30}},"5":{"start":{"line":6,"column":0},"end":{"line":6,"column":49}},"6":{"start":{"line":9,"column":0},"end":{"line":45,"column":null}},"7":{"start":{"line":11,"column":2},"end":{"line":11,"column":null}},"8":{"start":{"line":10,"column":20},"end":{"line":10,"column":22}},"9":{"start":{"line":15,"column":2},"end":{"line":15,"column":null}},"10":{"start":{"line":19,"column":2},"end":{"line":19,"column":null}},"11":{"start":{"line":17,"column":20},"end":{"line":17,"column":25}},"12":{"start":{"line":23,"column":2},"end":{"line":23,"column":null}},"13":{"start":{"line":21,"column":20},"end":{"line":21,"column":24}},"14":{"start":{"line":27,"column":2},"end":{"line":27,"column":null}},"15":{"start":{"line":31,"column":2},"end":{"line":31,"column":null}},"16":{"start":{"line":29,"column":20},"end":{"line":29,"column":26}},"17":{"start":{"line":34,"column":2},"end":{"line":34,"column":null}},"18":{"start":{"line":37,"column":2},"end":{"line":37,"column":null}},"19":{"start":{"line":40,"column":2},"end":{"line":40,"column":null}},"20":{"start":{"line":39,"column":20},"end":{"line":39,"column":28}},"21":{"start":{"line":44,"column":2},"end":{"line":44,"column":null}},"22":{"start":{"line":42,"column":20},"end":{"line":42,"column":24}},"23":{"start":{"line":9,"column":13},"end":{"line":45,"column":null}},"24":{"start":{"line":9,"column":13},"end":{"line":9,"column":18}},"25":{"start":{"line":47,"column":13},"end":{"line":47,"column":50}}},"fnMap":{"0":{"name":"(anonymous_2)","decl":{"start":{"line":10,"column":9},"end":{"line":10,"column":10}},"loc":{"start":{"line":10,"column":20},"end":{"line":10,"column":22}}},"1":{"name":"(anonymous_3)","decl":{"start":{"line":17,"column":9},"end":{"line":17,"column":10}},"loc":{"start":{"line":17,"column":20},"end":{"line":17,"column":25}}},"2":{"name":"(anonymous_4)","decl":{"start":{"line":21,"column":9},"end":{"line":21,"column":10}},"loc":{"start":{"line":21,"column":20},"end":{"line":21,"column":24}}},"3":{"name":"(anonymous_5)","decl":{"start":{"line":29,"column":9},"end":{"line":29,"column":10}},"loc":{"start":{"line":29,"column":20},"end":{"line":29,"column":26}}},"4":{"name":"(anonymous_6)","decl":{"start":{"line":39,"column":9},"end":{"line":39,"column":10}},"loc":{"start":{"line":39,"column":20},"end":{"line":39,"column":28}}},"5":{"name":"(anonymous_7)","decl":{"start":{"line":42,"column":9},"end":{"line":42,"column":10}},"loc":{"start":{"line":42,"column":20},"end":{"line":42,"column":24}}}},"branchMap":{},"s":{"0":1,"1":1,"2":1,"3":1,"4":1,"5":1,"6":1,"7":1,"8":1,"9":1,"10":1,"11":1,"12":1,"13":1,"14":1,"15":1,"16":1,"17":1,"18":1,"19":1,"20":1,"21":1,"22":1,"23":1,"24":1,"25":1},"f":{"0":1,"1":1,"2":1,"3":1,"4":1,"5":1},"b":{}}
,"C:\\Users\\trale\\Documents\\Dev\\budget-manager\\budget-manager-server\\src\\entities\\Goal.ts": {"path":"C:\\Users\\trale\\Documents\\Dev\\budget-manager\\budget-manager-server\\src\\entities\\Goal.ts","statementMap":{"0":{"start":{"line":1,"column":0},"end":{"line":1,"column":79}},"1":{"start":{"line":2,"column":0},"end":{"line":2,"column":33}},"2":{"start":{"line":3,"column":0},"end":{"line":3,"column":60}},"3":{"start":{"line":4,"column":0},"end":{"line":4,"column":30}},"4":{"start":{"line":7,"column":0},"end":{"line":37,"column":null}},"5":{"start":{"line":9,"column":2},"end":{"line":9,"column":null}},"6":{"start":{"line":8,"column":20},"end":{"line":8,"column":22}},"7":{"start":{"line":13,"column":2},"end":{"line":13,"column":null}},"8":{"start":{"line":11,"column":20},"end":{"line":11,"column":25}},"9":{"start":{"line":17,"column":2},"end":{"line":17,"column":null}},"10":{"start":{"line":15,"column":20},"end":{"line":15,"column":26}},"11":{"start":{"line":21,"column":2},"end":{"line":21,"column":null}},"12":{"start":{"line":19,"column":20},"end":{"line":19,"column":26}},"13":{"start":{"line":25,"column":2},"end":{"line":25,"column":null}},"14":{"start":{"line":23,"column":20},"end":{"line":23,"column":24}},"15":{"start":{"line":29,"column":2},"end":{"line":29,"column":null}},"16":{"start":{"line":27,"column":20},"end":{"line":27,"column":27}},"17":{"start":{"line":33,"column":2},"end":{"line":33,"column":null}},"18":{"start":{"line":31,"column":20},"end":{"line":31,"column":24}},"19":{"start":{"line":36,"column":2},"end":{"line":36,"column":null}},"20":{"start":{"line":35,"column":20},"end":{"line":35,"column":25}},"21":{"start":{"line":7,"column":13},"end":{"line":37,"column":null}},"22":{"start":{"line":7,"column":13},"end":{"line":7,"column":17}},"23":{"start":{"line":39,"column":13},"end":{"line":39,"column":48}}},"fnMap":{"0":{"name":"(anonymous_2)","decl":{"start":{"line":8,"column":9},"end":{"line":8,"column":10}},"loc":{"start":{"line":8,"column":20},"end":{"line":8,"column":22}}},"1":{"name":"(anonymous_3)","decl":{"start":{"line":11,"column":9},"end":{"line":11,"column":10}},"loc":{"start":{"line":11,"column":20},"end":{"line":11,"column":25}}},"2":{"name":"(anonymous_4)","decl":{"start":{"line":15,"column":9},"end":{"line":15,"column":10}},"loc":{"start":{"line":15,"column":20},"end":{"line":15,"column":26}}},"3":{"name":"(anonymous_5)","decl":{"start":{"line":19,"column":9},"end":{"line":19,"column":10}},"loc":{"start":{"line":19,"column":20},"end":{"line":19,"column":26}}},"4":{"name":"(anonymous_6)","decl":{"start":{"line":23,"column":9},"end":{"line":23,"column":10}},"loc":{"start":{"line":23,"column":20},"end":{"line":23,"column":24}}},"5":{"name":"(anonymous_7)","decl":{"start":{"line":27,"column":9},"end":{"line":27,"column":10}},"loc":{"start":{"line":27,"column":20},"end":{"line":27,"column":27}}},"6":{"name":"(anonymous_8)","decl":{"start":{"line":31,"column":9},"end":{"line":31,"column":10}},"loc":{"start":{"line":31,"column":20},"end":{"line":31,"column":24}}},"7":{"name":"(anonymous_9)","decl":{"start":{"line":35,"column":9},"end":{"line":35,"column":10}},"loc":{"start":{"line":35,"column":20},"end":{"line":35,"column":25}}}},"branchMap":{},"s":{"0":1,"1":1,"2":1,"3":1,"4":1,"5":1,"6":1,"7":1,"8":1,"9":1,"10":1,"11":1,"12":1,"13":1,"14":1,"15":1,"16":1,"17":1,"18":1,"19":1,"20":1,"21":1,"22":1,"23":1},"f":{"0":1,"1":1,"2":1,"3":1,"4":1,"5":1,"6":1,"7":1},"b":{}}
,"C:\\Users\\trale\\Documents\\Dev\\budget-manager\\budget-manager-server\\src\\entities\\Savings.ts": {"path":"C:\\Users\\trale\\Documents\\Dev\\budget-manager\\budget-manager-server\\src\\entities\\Savings.ts","statementMap":{"0":{"start":{"line":1,"column":0},"end":{"line":1,"column":79}},"1":{"start":{"line":2,"column":0},"end":{"line":2,"column":33}},"2":{"start":{"line":3,"column":0},"end":{"line":3,"column":60}},"3":{"start":{"line":4,"column":0},"end":{"line":4,"column":30}},"4":{"start":{"line":5,"column":0},"end":{"line":5,"column":30}},"5":{"start":{"line":8,"column":0},"end":{"line":29,"column":null}},"6":{"start":{"line":10,"column":2},"end":{"line":10,"column":null}},"7":{"start":{"line":9,"column":20},"end":{"line":9,"column":22}},"8":{"start":{"line":14,"column":2},"end":{"line":14,"column":null}},"9":{"start":{"line":12,"column":20},"end":{"line":12,"column":25}},"10":{"start":{"line":18,"column":2},"end":{"line":18,"column":null}},"11":{"start":{"line":16,"column":20},"end":{"line":16,"column":26}},"12":{"start":{"line":21,"column":2},"end":{"line":21,"column":null}},"13":{"start":{"line":24,"column":2},"end":{"line":24,"column":null}},"14":{"start":{"line":23,"column":20},"end":{"line":23,"column":24}},"15":{"start":{"line":28,"column":2},"end":{"line":28,"column":null}},"16":{"start":{"line":26,"column":20},"end":{"line":26,"column":24}},"17":{"start":{"line":8,"column":13},"end":{"line":29,"column":null}},"18":{"start":{"line":8,"column":13},"end":{"line":8,"column":20}},"19":{"start":{"line":31,"column":13},"end":{"line":31,"column":54}}},"fnMap":{"0":{"name":"(anonymous_2)","decl":{"start":{"line":9,"column":9},"end":{"line":9,"column":10}},"loc":{"start":{"line":9,"column":20},"end":{"line":9,"column":22}}},"1":{"name":"(anonymous_3)","decl":{"start":{"line":12,"column":9},"end":{"line":12,"column":10}},"loc":{"start":{"line":12,"column":20},"end":{"line":12,"column":25}}},"2":{"name":"(anonymous_4)","decl":{"start":{"line":16,"column":9},"end":{"line":16,"column":10}},"loc":{"start":{"line":16,"column":20},"end":{"line":16,"column":26}}},"3":{"name":"(anonymous_5)","decl":{"start":{"line":23,"column":9},"end":{"line":23,"column":10}},"loc":{"start":{"line":23,"column":20},"end":{"line":23,"column":24}}},"4":{"name":"(anonymous_6)","decl":{"start":{"line":26,"column":9},"end":{"line":26,"column":10}},"loc":{"start":{"line":26,"column":20},"end":{"line":26,"column":24}}}},"branchMap":{},"s":{"0":1,"1":1,"2":1,"3":1,"4":1,"5":1,"6":1,"7":1,"8":1,"9":1,"10":1,"11":1,"12":1,"13":1,"14":1,"15":1,"16":1,"17":1,"18":1,"19":1},"f":{"0":1,"1":1,"2":1,"3":1,"4":1},"b":{}}
,"C:\\Users\\trale\\Documents\\Dev\\budget-manager\\budget-manager-server\\src\\entities\\User.ts": {"path":"C:\\Users\\trale\\Documents\\Dev\\budget-manager\\budget-manager-server\\src\\entities\\User.ts","statementMap":{"0":{"start":{"line":1,"column":0},"end":{"line":1,"column":74}},"1":{"start":{"line":2,"column":0},"end":{"line":2,"column":28}},"2":{"start":{"line":3,"column":0},"end":{"line":3,"column":31}},"3":{"start":{"line":4,"column":0},"end":{"line":4,"column":33}},"4":{"start":{"line":5,"column":0},"end":{"line":5,"column":60}},"5":{"start":{"line":6,"column":0},"end":{"line":6,"column":46}},"6":{"start":{"line":9,"column":0},"end":{"line":74,"column":null}},"7":{"start":{"line":45,"column":26},"end":{"line":45,"column":63}},"8":{"start":{"line":47,"column":4},"end":{"line":47,"column":67}},"9":{"start":{"line":51,"column":4},"end":{"line":60,"column":null}},"10":{"start":{"line":52,"column":34},"end":{"line":54,"column":null}},"11":{"start":{"line":57,"column":6},"end":{"line":57,"column":18}},"12":{"start":{"line":59,"column":6},"end":{"line":59,"column":24}},"13":{"start":{"line":64,"column":27},"end":{"line":64,"column":72}},"14":{"start":{"line":66,"column":4},"end":{"line":66,"column":17}},"15":{"start":{"line":70,"column":27},"end":{"line":70,"column":58}},"16":{"start":{"line":72,"column":4},"end":{"line":72,"column":35}},"17":{"start":{"line":11,"column":2},"end":{"line":11,"column":null}},"18":{"start":{"line":10,"column":20},"end":{"line":10,"column":22}},"19":{"start":{"line":15,"column":2},"end":{"line":15,"column":null}},"20":{"start":{"line":19,"column":2},"end":{"line":19,"column":null}},"21":{"start":{"line":23,"column":2},"end":{"line":23,"column":null}},"22":{"start":{"line":27,"column":2},"end":{"line":27,"column":null}},"23":{"start":{"line":31,"column":2},"end":{"line":31,"column":null}},"24":{"start":{"line":35,"column":2},"end":{"line":35,"column":null}},"25":{"start":{"line":38,"column":2},"end":{"line":38,"column":null}},"26":{"start":{"line":41,"column":2},"end":{"line":41,"column":null}},"27":{"start":{"line":40,"column":20},"end":{"line":40,"column":25}},"28":{"start":{"line":9,"column":13},"end":{"line":74,"column":null}},"29":{"start":{"line":9,"column":13},"end":{"line":9,"column":17}},"30":{"start":{"line":76,"column":13},"end":{"line":76,"column":48}}},"fnMap":{"0":{"name":"(anonymous_3)","decl":{"start":{"line":43,"column":2},"end":{"line":43,"column":6}},"loc":{"start":{"line":43,"column":14},"end":{"line":48,"column":3}}},"1":{"name":"(anonymous_4)","decl":{"start":{"line":50,"column":2},"end":{"line":50,"column":8}},"loc":{"start":{"line":50,"column":34},"end":{"line":61,"column":3}}},"2":{"name":"(anonymous_5)","decl":{"start":{"line":63,"column":2},"end":{"line":63,"column":7}},"loc":{"start":{"line":63,"column":38},"end":{"line":67,"column":3}}},"3":{"name":"(anonymous_6)","decl":{"start":{"line":69,"column":2},"end":{"line":69,"column":7}},"loc":{"start":{"line":69,"column":37},"end":{"line":73,"column":3}}},"4":{"name":"(anonymous_7)","decl":{"start":{"line":10,"column":9},"end":{"line":10,"column":10}},"loc":{"start":{"line":10,"column":20},"end":{"line":10,"column":22}}},"5":{"name":"(anonymous_8)","decl":{"start":{"line":40,"column":9},"end":{"line":40,"column":10}},"loc":{"start":{"line":40,"column":20},"end":{"line":40,"column":25}}}},"branchMap":{"0":{"loc":{"start":{"line":45,"column":55},"end":{"line":45,"column":58}},"type":"cond-expr","locations":[{"start":{"line":45,"column":55},"end":{"line":45,"column":58}},{"start":{"line":45,"column":61},"end":{"line":45,"column":63}}]},"1":{"loc":{"start":{"line":47,"column":14},"end":{"line":47,"column":28}},"type":"binary-expr","locations":[{"start":{"line":47,"column":14},"end":{"line":47,"column":28}},{"start":{"line":47,"column":32},"end":{"line":47,"column":34}}]},"2":{"loc":{"start":{"line":47,"column":45},"end":{"line":47,"column":58}},"type":"binary-expr","locations":[{"start":{"line":47,"column":45},"end":{"line":47,"column":58}},{"start":{"line":47,"column":62},"end":{"line":47,"column":64}}]}},"s":{"0":1,"1":1,"2":1,"3":1,"4":1,"5":1,"6":1,"7":2,"8":2,"9":4,"10":4,"11":4,"12":0,"13":6,"14":6,"15":5,"16":5,"17":1,"18":1,"19":1,"20":1,"21":1,"22":1,"23":1,"24":1,"25":1,"26":1,"27":1,"28":1,"29":1,"30":1},"f":{"0":2,"1":4,"2":6,"3":5,"4":1,"5":1},"b":{"0":[1,1],"1":[2,0],"2":[2,0]}}
,"C:\\Users\\trale\\Documents\\Dev\\budget-manager\\budget-manager-server\\src\\entities\\utils\\Positivity.enum.ts": {"path":"C:\\Users\\trale\\Documents\\Dev\\budget-manager\\budget-manager-server\\src\\entities\\utils\\Positivity.enum.ts","statementMap":{"0":{"start":{"line":1,"column":0},"end":{"line":1,"column":48}},"1":{"start":{"line":3,"column":0},"end":{"line":3,"column":null}},"2":{"start":{"line":4,"column":2},"end":{"line":4,"column":null}},"3":{"start":{"line":5,"column":2},"end":{"line":5,"column":null}},"4":{"start":{"line":6,"column":2},"end":{"line":6,"column":null}},"5":{"start":{"line":9,"column":0},"end":{"line":13,"column":3}},"6":{"start":{"line":15,"column":0},"end":{"line":15,"column":null}},"7":{"start":{"line":16,"column":2},"end":{"line":16,"column":null}},"8":{"start":{"line":17,"column":2},"end":{"line":17,"column":null}},"9":{"start":{"line":20,"column":0},"end":{"line":23,"column":3}}},"fnMap":{"0":{"name":"(anonymous_0)","decl":{"start":{"line":3,"column":0},"end":{"line":3,"column":12}},"loc":{"start":{"line":3,"column":22},"end":{"line":7,"column":1}}},"1":{"name":"(anonymous_1)","decl":{"start":{"line":15,"column":0},"end":{"line":15,"column":12}},"loc":{"start":{"line":15,"column":18},"end":{"line":18,"column":1}}}},"branchMap":{"0":{"loc":{"start":{"line":3,"column":12},"end":{"line":3,"column":22}},"type":"binary-expr","locations":[{"start":{"line":3,"column":12},"end":{"line":3,"column":22}},{"start":{"line":3,"column":12},"end":{"line":3,"column":null}}]},"1":{"loc":{"start":{"line":15,"column":12},"end":{"line":15,"column":18}},"type":"binary-expr","locations":[{"start":{"line":15,"column":12},"end":{"line":15,"column":18}},{"start":{"line":15,"column":12},"end":{"line":15,"column":null}}]}},"s":{"0":1,"1":1,"2":1,"3":1,"4":1,"5":1,"6":1,"7":1,"8":1,"9":1},"f":{"0":1,"1":1},"b":{"0":[1,1],"1":[1,1]}}
,"C:\\Users\\trale\\Documents\\Dev\\budget-manager\\budget-manager-server\\src\\middlewares\\authCheck.middleware.ts": {"path":"C:\\Users\\trale\\Documents\\Dev\\budget-manager\\budget-manager-server\\src\\middlewares\\authCheck.middleware.ts","statementMap":{"0":{"start":{"line":1,"column":0},"end":{"line":1,"column":76}},"1":{"start":{"line":5,"column":47},"end":{"line":20,"column":1}},"2":{"start":{"line":9,"column":2},"end":{"line":13,"column":null}},"3":{"start":{"line":10,"column":4},"end":{"line":12,"column":6}},"4":{"start":{"line":15,"column":2},"end":{"line":17,"column":null}},"5":{"start":{"line":16,"column":4},"end":{"line":16,"column":16}},"6":{"start":{"line":19,"column":2},"end":{"line":19,"column":70}},"7":{"start":{"line":5,"column":13},"end":{"line":5,"column":47}}},"fnMap":{"0":{"name":"(anonymous_0)","decl":{"start":{"line":5,"column":47},"end":{"line":5,"column":null}},"loc":{"start":{"line":8,"column":4},"end":{"line":20,"column":1}}}},"branchMap":{"0":{"loc":{"start":{"line":7,"column":10},"end":{"line":7,"column":12}},"type":"default-arg","locations":[{"start":{"line":7,"column":10},"end":{"line":7,"column":12}}]},"1":{"loc":{"start":{"line":9,"column":2},"end":{"line":13,"column":null}},"type":"if","locations":[{"start":{"line":9,"column":2},"end":{"line":13,"column":null}},{"start":{"line":9,"column":2},"end":{"line":13,"column":null}}]},"2":{"loc":{"start":{"line":15,"column":2},"end":{"line":17,"column":null}},"type":"if","locations":[{"start":{"line":15,"column":2},"end":{"line":17,"column":null}},{"start":{"line":15,"column":2},"end":{"line":17,"column":null}}]}},"s":{"0":1,"1":1,"2":5,"3":1,"4":4,"5":4,"6":0,"7":1},"f":{"0":5},"b":{"0":[0],"1":[1,4],"2":[4,0]}}
,"C:\\Users\\trale\\Documents\\Dev\\budget-manager\\budget-manager-server\\src\\middlewares\\errorInterceptor.middleware.ts": {"path":"C:\\Users\\trale\\Documents\\Dev\\budget-manager\\budget-manager-server\\src\\middlewares\\errorInterceptor.middleware.ts","statementMap":{"0":{"start":{"line":1,"column":0},"end":{"line":1,"column":55}},"1":{"start":{"line":4,"column":51},"end":{"line":24,"column":1}},"2":{"start":{"line":5,"column":2},"end":{"line":23,"column":null}},"3":{"start":{"line":6,"column":4},"end":{"line":6,"column":24}},"4":{"start":{"line":9,"column":4},"end":{"line":20,"column":null}},"5":{"start":{"line":10,"column":27},"end":{"line":10,"column":29}},"6":{"start":{"line":11,"column":6},"end":{"line":18,"column":null}},"7":{"start":{"line":12,"column":33},"end":{"line":12,"column":57}},"8":{"start":{"line":14,"column":8},"end":{"line":17,"column":10}},"9":{"start":{"line":19,"column":6},"end":{"line":19,"column":58}},"10":{"start":{"line":22,"column":4},"end":{"line":22,"column":14}},"11":{"start":{"line":4,"column":13},"end":{"line":4,"column":51}}},"fnMap":{"0":{"name":"(anonymous_0)","decl":{"start":{"line":4,"column":51},"end":{"line":4,"column":56}},"loc":{"start":{"line":4,"column":69},"end":{"line":24,"column":1}}}},"branchMap":{"0":{"loc":{"start":{"line":9,"column":4},"end":{"line":20,"column":null}},"type":"if","locations":[{"start":{"line":9,"column":4},"end":{"line":20,"column":null}},{"start":{"line":9,"column":4},"end":{"line":20,"column":null}}]}},"s":{"0":1,"1":1,"2":47,"3":47,"4":14,"5":8,"6":8,"7":8,"8":8,"9":8,"10":6,"11":1},"f":{"0":47},"b":{"0":[8,6]}}
,"C:\\Users\\trale\\Documents\\Dev\\budget-manager\\budget-manager-server\\src\\resolvers\\Category.resolvers.ts": {"path":"C:\\Users\\trale\\Documents\\Dev\\budget-manager\\budget-manager-server\\src\\resolvers\\Category.resolvers.ts","statementMap":{"0":{"start":{"line":1,"column":0},"end":{"line":1,"column":55}},"1":{"start":{"line":2,"column":0},"end":{"line":2,"column":79}},"2":{"start":{"line":3,"column":0},"end":{"line":3,"column":63}},"3":{"start":{"line":5,"column":0},"end":{"line":5,"column":56}},"4":{"start":{"line":8,"column":0},"end":{"line":80,"column":null}},"5":{"start":{"line":12,"column":23},"end":{"line":14,"column":6}},"6":{"start":{"line":16,"column":4},"end":{"line":16,"column":22}},"7":{"start":{"line":26,"column":29},"end":{"line":37,"column":6}},"8":{"start":{"line":39,"column":4},"end":{"line":43,"column":null}},"9":{"start":{"line":40,"column":6},"end":{"line":42,"column":9}},"10":{"start":{"line":45,"column":24},"end":{"line":48,"column":6}},"11":{"start":{"line":50,"column":4},"end":{"line":50,"column":36}},"12":{"start":{"line":59,"column":4},"end":{"line":78,"column":null}},"13":{"start":{"line":60,"column":21},"end":{"line":63,"column":8}},"14":{"start":{"line":65,"column":6},"end":{"line":67,"column":null}},"15":{"start":{"line":66,"column":8},"end":{"line":66,"column":51}},"16":{"start":{"line":69,"column":6},"end":{"line":73,"column":null}},"17":{"start":{"line":70,"column":8},"end":{"line":72,"column":10}},"18":{"start":{"line":75,"column":6},"end":{"line":75,"column":30}},"19":{"start":{"line":77,"column":6},"end":{"line":77,"column":27}},"20":{"start":{"line":11,"column":2},"end":{"line":17,"column":null}},"21":{"start":{"line":10,"column":23},"end":{"line":10,"column":33}},"22":{"start":{"line":21,"column":2},"end":{"line":51,"column":null}},"23":{"start":{"line":20,"column":26},"end":{"line":20,"column":34}},"24":{"start":{"line":55,"column":2},"end":{"line":79,"column":null}},"25":{"start":{"line":54,"column":25},"end":{"line":54,"column":31}},"26":{"start":{"line":8,"column":13},"end":{"line":80,"column":null}},"27":{"start":{"line":7,"column":19},"end":{"line":7,"column":27}},"28":{"start":{"line":8,"column":13},"end":{"line":8,"column":30}}},"fnMap":{"0":{"name":"(anonymous_4)","decl":{"start":{"line":11,"column":2},"end":{"line":11,"column":7}},"loc":{"start":{"line":11,"column":54},"end":{"line":17,"column":3}}},"1":{"name":"(anonymous_5)","decl":{"start":{"line":21,"column":2},"end":{"line":21,"column":7}},"loc":{"start":{"line":23,"column":36},"end":{"line":51,"column":3}}},"2":{"name":"(anonymous_6)","decl":{"start":{"line":55,"column":2},"end":{"line":55,"column":7}},"loc":{"start":{"line":57,"column":36},"end":{"line":79,"column":3}}},"3":{"name":"(anonymous_7)","decl":{"start":{"line":10,"column":9},"end":{"line":10,"column":10}},"loc":{"start":{"line":10,"column":23},"end":{"line":10,"column":33}}},"4":{"name":"(anonymous_8)","decl":{"start":{"line":20,"column":12},"end":{"line":20,"column":13}},"loc":{"start":{"line":20,"column":26},"end":{"line":20,"column":34}}},"5":{"name":"(anonymous_9)","decl":{"start":{"line":54,"column":12},"end":{"line":54,"column":13}},"loc":{"start":{"line":54,"column":25},"end":{"line":54,"column":31}}},"6":{"name":"(anonymous_10)","decl":{"start":{"line":7,"column":10},"end":{"line":7,"column":11}},"loc":{"start":{"line":7,"column":19},"end":{"line":7,"column":27}}}},"branchMap":{"0":{"loc":{"start":{"line":39,"column":4},"end":{"line":43,"column":null}},"type":"if","locations":[{"start":{"line":39,"column":4},"end":{"line":43,"column":null}},{"start":{"line":39,"column":4},"end":{"line":43,"column":null}}]},"1":{"loc":{"start":{"line":65,"column":6},"end":{"line":67,"column":null}},"type":"if","locations":[{"start":{"line":65,"column":6},"end":{"line":67,"column":null}},{"start":{"line":65,"column":6},"end":{"line":67,"column":null}}]},"2":{"loc":{"start":{"line":69,"column":6},"end":{"line":73,"column":null}},"type":"if","locations":[{"start":{"line":69,"column":6},"end":{"line":73,"column":null}},{"start":{"line":69,"column":6},"end":{"line":73,"column":null}}]}},"s":{"0":1,"1":1,"2":1,"3":1,"4":1,"5":0,"6":0,"7":0,"8":0,"9":0,"10":0,"11":0,"12":0,"13":0,"14":0,"15":0,"16":0,"17":0,"18":0,"19":0,"20":1,"21":1,"22":1,"23":1,"24":1,"25":1,"26":1,"27":0,"28":1},"f":{"0":0,"1":0,"2":0,"3":1,"4":1,"5":1,"6":0},"b":{"0":[0,0],"1":[0,0],"2":[0,0]}}
,"C:\\Users\\trale\\Documents\\Dev\\budget-manager\\budget-manager-server\\src\\resolvers\\Event.resolvers.ts": {"path":"C:\\Users\\trale\\Documents\\Dev\\budget-manager\\budget-manager-server\\src\\resolvers\\Event.resolvers.ts","statementMap":{"0":{"start":{"line":2,"column":0},"end":{"line":2,"column":null}},"1":{"start":{"line":12,"column":0},"end":{"line":12,"column":53}},"2":{"start":{"line":13,"column":0},"end":{"line":13,"column":54}},"3":{"start":{"line":15,"column":0},"end":{"line":15,"column":50}},"4":{"start":{"line":18,"column":0},"end":{"line":82,"column":null}},"5":{"start":{"line":22,"column":4},"end":{"line":28,"column":null}},"6":{"start":{"line":23,"column":21},"end":{"line":23,"column":63}},"7":{"start":{"line":25,"column":6},"end":{"line":25,"column":20}},"8":{"start":{"line":27,"column":6},"end":{"line":27,"column":29}},"9":{"start":{"line":37,"column":21},"end":{"line":41,"column":6}},"10":{"start":{"line":42,"column":4},"end":{"line":46,"column":null}},"11":{"start":{"line":43,"column":6},"end":{"line":43,"column":35}},"12":{"start":{"line":45,"column":6},"end":{"line":45,"column":29}},"13":{"start":{"line":55,"column":4},"end":{"line":74,"column":null}},"14":{"start":{"line":56,"column":21},"end":{"line":59,"column":8}},"15":{"start":{"line":61,"column":6},"end":{"line":63,"column":null}},"16":{"start":{"line":62,"column":8},"end":{"line":62,"column":52}},"17":{"start":{"line":65,"column":6},"end":{"line":69,"column":null}},"18":{"start":{"line":66,"column":8},"end":{"line":68,"column":10}},"19":{"start":{"line":71,"column":6},"end":{"line":71,"column":30}},"20":{"start":{"line":73,"column":6},"end":{"line":73,"column":29}},"21":{"start":{"line":79,"column":30},"end":{"line":79,"column":76}},"22":{"start":{"line":80,"column":4},"end":{"line":80,"column":29}},"23":{"start":{"line":21,"column":2},"end":{"line":29,"column":null}},"24":{"start":{"line":20,"column":23},"end":{"line":20,"column":30}},"25":{"start":{"line":33,"column":2},"end":{"line":47,"column":null}},"26":{"start":{"line":32,"column":26},"end":{"line":32,"column":31}},"27":{"start":{"line":51,"column":2},"end":{"line":75,"column":null}},"28":{"start":{"line":50,"column":25},"end":{"line":50,"column":31}},"29":{"start":{"line":78,"column":2},"end":{"line":81,"column":null}},"30":{"start":{"line":18,"column":13},"end":{"line":82,"column":null}},"31":{"start":{"line":17,"column":19},"end":{"line":17,"column":24}},"32":{"start":{"line":18,"column":13},"end":{"line":18,"column":27}}},"fnMap":{"0":{"name":"(anonymous_4)","decl":{"start":{"line":21,"column":2},"end":{"line":21,"column":7}},"loc":{"start":{"line":21,"column":54},"end":{"line":29,"column":3}}},"1":{"name":"(anonymous_5)","decl":{"start":{"line":33,"column":2},"end":{"line":33,"column":7}},"loc":{"start":{"line":35,"column":36},"end":{"line":47,"column":3}}},"2":{"name":"(anonymous_6)","decl":{"start":{"line":51,"column":2},"end":{"line":51,"column":7}},"loc":{"start":{"line":53,"column":36},"end":{"line":75,"column":3}}},"3":{"name":"(anonymous_7)","decl":{"start":{"line":78,"column":2},"end":{"line":78,"column":7}},"loc":{"start":{"line":78,"column":51},"end":{"line":81,"column":3}}},"4":{"name":"(anonymous_8)","decl":{"start":{"line":20,"column":9},"end":{"line":20,"column":10}},"loc":{"start":{"line":20,"column":23},"end":{"line":20,"column":30}}},"5":{"name":"(anonymous_9)","decl":{"start":{"line":32,"column":12},"end":{"line":32,"column":13}},"loc":{"start":{"line":32,"column":26},"end":{"line":32,"column":31}}},"6":{"name":"(anonymous_10)","decl":{"start":{"line":50,"column":12},"end":{"line":50,"column":13}},"loc":{"start":{"line":50,"column":25},"end":{"line":50,"column":31}}},"7":{"name":"(anonymous_11)","decl":{"start":{"line":17,"column":10},"end":{"line":17,"column":11}},"loc":{"start":{"line":17,"column":19},"end":{"line":17,"column":24}}}},"branchMap":{"0":{"loc":{"start":{"line":61,"column":6},"end":{"line":63,"column":null}},"type":"if","locations":[{"start":{"line":61,"column":6},"end":{"line":63,"column":null}},{"start":{"line":61,"column":6},"end":{"line":63,"column":null}}]},"1":{"loc":{"start":{"line":65,"column":6},"end":{"line":69,"column":null}},"type":"if","locations":[{"start":{"line":65,"column":6},"end":{"line":69,"column":null}},{"start":{"line":65,"column":6},"end":{"line":69,"column":null}}]}},"s":{"0":1,"1":1,"2":1,"3":1,"4":1,"5":0,"6":0,"7":0,"8":0,"9":0,"10":0,"11":0,"12":0,"13":0,"14":0,"15":0,"16":0,"17":0,"18":0,"19":0,"20":0,"21":0,"22":0,"23":1,"24":1,"25":1,"26":1,"27":1,"28":1,"29":1,"30":1,"31":35,"32":1},"f":{"0":0,"1":0,"2":0,"3":0,"4":1,"5":1,"6":1,"7":35},"b":{"0":[0,0],"1":[0,0]}}
,"C:\\Users\\trale\\Documents\\Dev\\budget-manager\\budget-manager-server\\src\\resolvers\\Goal.resolvers.ts": {"path":"C:\\Users\\trale\\Documents\\Dev\\budget-manager\\budget-manager-server\\src\\resolvers\\Goal.resolvers.ts","statementMap":{"0":{"start":{"line":2,"column":0},"end":{"line":2,"column":55}},"1":{"start":{"line":3,"column":0},"end":{"line":3,"column":null}},"2":{"start":{"line":13,"column":0},"end":{"line":13,"column":51}},"3":{"start":{"line":14,"column":0},"end":{"line":14,"column":51}},"4":{"start":{"line":16,"column":0},"end":{"line":16,"column":48}},"5":{"start":{"line":19,"column":0},"end":{"line":140,"column":null}},"6":{"start":{"line":23,"column":18},"end":{"line":23,"column":59}},"7":{"start":{"line":25,"column":4},"end":{"line":25,"column":17}},"8":{"start":{"line":34,"column":25},"end":{"line":37,"column":6}},"9":{"start":{"line":39,"column":4},"end":{"line":45,"column":null}},"10":{"start":{"line":40,"column":6},"end":{"line":44,"column":9}},"11":{"start":{"line":47,"column":20},"end":{"line":51,"column":6}},"12":{"start":{"line":53,"column":4},"end":{"line":57,"column":null}},"13":{"start":{"line":54,"column":6},"end":{"line":54,"column":34}},"14":{"start":{"line":56,"column":6},"end":{"line":56,"column":29}},"15":{"start":{"line":66,"column":4},"end":{"line":83,"column":null}},"16":{"start":{"line":67,"column":21},"end":{"line":70,"column":8}},"17":{"start":{"line":72,"column":6},"end":{"line":74,"column":null}},"18":{"start":{"line":73,"column":8},"end":{"line":73,"column":75}},"19":{"start":{"line":76,"column":6},"end":{"line":78,"column":null}},"20":{"start":{"line":77,"column":8},"end":{"line":77,"column":80}},"21":{"start":{"line":80,"column":6},"end":{"line":80,"column":30}},"22":{"start":{"line":82,"column":6},"end":{"line":82,"column":27}},"23":{"start":{"line":93,"column":17},"end":{"line":93,"column":74}},"24":{"start":{"line":95,"column":4},"end":{"line":101,"column":null}},"25":{"start":{"line":96,"column":6},"end":{"line":100,"column":9}},"26":{"start":{"line":103,"column":4},"end":{"line":103,"column":30}},"27":{"start":{"line":104,"column":4},"end":{"line":104,"column":34}},"28":{"start":{"line":106,"column":4},"end":{"line":106,"column":29}},"29":{"start":{"line":115,"column":17},"end":{"line":115,"column":74}},"30":{"start":{"line":117,"column":4},"end":{"line":123,"column":null}},"31":{"start":{"line":118,"column":6},"end":{"line":122,"column":9}},"32":{"start":{"line":125,"column":4},"end":{"line":125,"column":26}},"33":{"start":{"line":126,"column":4},"end":{"line":126,"column":37}},"34":{"start":{"line":128,"column":4},"end":{"line":128,"column":29}},"35":{"start":{"line":133,"column":33},"end":{"line":133,"column":78}},"36":{"start":{"line":134,"column":14},"end":{"line":134,"column":15}},"37":{"start":{"line":135,"column":4},"end":{"line":137,"column":null}},"38":{"start":{"line":136,"column":6},"end":{"line":136,"column":28}},"39":{"start":{"line":138,"column":4},"end":{"line":138,"column":15}},"40":{"start":{"line":22,"column":2},"end":{"line":26,"column":null}},"41":{"start":{"line":21,"column":23},"end":{"line":21,"column":29}},"42":{"start":{"line":30,"column":2},"end":{"line":58,"column":null}},"43":{"start":{"line":29,"column":26},"end":{"line":29,"column":30}},"44":{"start":{"line":62,"column":2},"end":{"line":84,"column":null}},"45":{"start":{"line":61,"column":26},"end":{"line":61,"column":32}},"46":{"start":{"line":88,"column":2},"end":{"line":107,"column":null}},"47":{"start":{"line":87,"column":26},"end":{"line":87,"column":30}},"48":{"start":{"line":111,"column":2},"end":{"line":129,"column":null}},"49":{"start":{"line":110,"column":25},"end":{"line":110,"column":29}},"50":{"start":{"line":132,"column":2},"end":{"line":139,"column":null}},"51":{"start":{"line":131,"column":28},"end":{"line":131,"column":34}},"52":{"start":{"line":19,"column":13},"end":{"line":140,"column":null}},"53":{"start":{"line":18,"column":19},"end":{"line":18,"column":23}},"54":{"start":{"line":19,"column":13},"end":{"line":19,"column":26}}},"fnMap":{"0":{"name":"(anonymous_4)","decl":{"start":{"line":22,"column":2},"end":{"line":22,"column":7}},"loc":{"start":{"line":22,"column":49},"end":{"line":26,"column":3}}},"1":{"name":"(anonymous_5)","decl":{"start":{"line":30,"column":2},"end":{"line":30,"column":7}},"loc":{"start":{"line":32,"column":36},"end":{"line":58,"column":3}}},"2":{"name":"(anonymous_6)","decl":{"start":{"line":62,"column":2},"end":{"line":62,"column":7}},"loc":{"start":{"line":64,"column":36},"end":{"line":84,"column":3}}},"3":{"name":"(anonymous_7)","decl":{"start":{"line":88,"column":2},"end":{"line":88,"column":7}},"loc":{"start":{"line":91,"column":36},"end":{"line":107,"column":3}}},"4":{"name":"(anonymous_8)","decl":{"start":{"line":111,"column":2},"end":{"line":111,"column":7}},"loc":{"start":{"line":113,"column":36},"end":{"line":129,"column":3}}},"5":{"name":"(anonymous_9)","decl":{"start":{"line":132,"column":2},"end":{"line":132,"column":7}},"loc":{"start":{"line":132,"column":53},"end":{"line":139,"column":3}}},"6":{"name":"(anonymous_10)","decl":{"start":{"line":21,"column":9},"end":{"line":21,"column":10}},"loc":{"start":{"line":21,"column":23},"end":{"line":21,"column":29}}},"7":{"name":"(anonymous_11)","decl":{"start":{"line":29,"column":12},"end":{"line":29,"column":13}},"loc":{"start":{"line":29,"column":26},"end":{"line":29,"column":30}}},"8":{"name":"(anonymous_12)","decl":{"start":{"line":61,"column":12},"end":{"line":61,"column":13}},"loc":{"start":{"line":61,"column":26},"end":{"line":61,"column":32}}},"9":{"name":"(anonymous_13)","decl":{"start":{"line":87,"column":12},"end":{"line":87,"column":13}},"loc":{"start":{"line":87,"column":26},"end":{"line":87,"column":30}}},"10":{"name":"(anonymous_14)","decl":{"start":{"line":110,"column":12},"end":{"line":110,"column":13}},"loc":{"start":{"line":110,"column":25},"end":{"line":110,"column":29}}},"11":{"name":"(anonymous_15)","decl":{"start":{"line":131,"column":17},"end":{"line":131,"column":18}},"loc":{"start":{"line":131,"column":28},"end":{"line":131,"column":34}}},"12":{"name":"(anonymous_16)","decl":{"start":{"line":18,"column":10},"end":{"line":18,"column":11}},"loc":{"start":{"line":18,"column":19},"end":{"line":18,"column":23}}}},"branchMap":{"0":{"loc":{"start":{"line":39,"column":4},"end":{"line":45,"column":null}},"type":"if","locations":[{"start":{"line":39,"column":4},"end":{"line":45,"column":null}},{"start":{"line":39,"column":4},"end":{"line":45,"column":null}}]},"1":{"loc":{"start":{"line":72,"column":6},"end":{"line":74,"column":null}},"type":"if","locations":[{"start":{"line":72,"column":6},"end":{"line":74,"column":null}},{"start":{"line":72,"column":6},"end":{"line":74,"column":null}}]},"2":{"loc":{"start":{"line":76,"column":6},"end":{"line":78,"column":null}},"type":"if","locations":[{"start":{"line":76,"column":6},"end":{"line":78,"column":null}},{"start":{"line":76,"column":6},"end":{"line":78,"column":null}}]},"3":{"loc":{"start":{"line":95,"column":4},"end":{"line":101,"column":null}},"type":"if","locations":[{"start":{"line":95,"column":4},"end":{"line":101,"column":null}},{"start":{"line":95,"column":4},"end":{"line":101,"column":null}}]},"4":{"loc":{"start":{"line":117,"column":4},"end":{"line":123,"column":null}},"type":"if","locations":[{"start":{"line":117,"column":4},"end":{"line":123,"column":null}},{"start":{"line":117,"column":4},"end":{"line":123,"column":null}}]}},"s":{"0":1,"1":1,"2":1,"3":1,"4":1,"5":1,"6":0,"7":0,"8":0,"9":0,"10":0,"11":0,"12":0,"13":0,"14":0,"15":0,"16":0,"17":0,"18":0,"19":0,"20":0,"21":0,"22":0,"23":0,"24":0,"25":0,"26":0,"27":0,"28":0,"29":0,"30":0,"31":0,"32":0,"33":0,"34":0,"35":0,"36":0,"37":0,"38":0,"39":0,"40":1,"41":1,"42":1,"43":1,"44":1,"45":1,"46":1,"47":1,"48":1,"49":1,"50":1,"51":0,"52":1,"53":34,"54":1},"f":{"0":0,"1":0,"2":0,"3":0,"4":0,"5":0,"6":1,"7":1,"8":1,"9":1,"10":1,"11":0,"12":34},"b":{"0":[0,0],"1":[0,0],"2":[0,0],"3":[0,0],"4":[0,0]}}
,"C:\\Users\\trale\\Documents\\Dev\\budget-manager\\budget-manager-server\\src\\resolvers\\Savings.resolvers.ts": {"path":"C:\\Users\\trale\\Documents\\Dev\\budget-manager\\budget-manager-server\\src\\resolvers\\Savings.resolvers.ts","statementMap":{"0":{"start":{"line":2,"column":0},"end":{"line":2,"column":55}},"1":{"start":{"line":3,"column":0},"end":{"line":3,"column":null}},"2":{"start":{"line":13,"column":0},"end":{"line":13,"column":45}},"3":{"start":{"line":14,"column":0},"end":{"line":14,"column":60}},"4":{"start":{"line":16,"column":0},"end":{"line":16,"column":53}},"5":{"start":{"line":19,"column":0},"end":{"line":90,"column":null}},"6":{"start":{"line":23,"column":4},"end":{"line":23,"column":56}},"7":{"start":{"line":32,"column":4},"end":{"line":32,"column":64}},"8":{"start":{"line":42,"column":17},"end":{"line":45,"column":6}},"9":{"start":{"line":47,"column":4},"end":{"line":53,"column":null}},"10":{"start":{"line":48,"column":6},"end":{"line":52,"column":9}},"11":{"start":{"line":55,"column":23},"end":{"line":59,"column":6}},"12":{"start":{"line":61,"column":4},"end":{"line":61,"column":35}},"13":{"start":{"line":70,"column":19},"end":{"line":73,"column":6}},"14":{"start":{"line":75,"column":4},"end":{"line":77,"column":null}},"15":{"start":{"line":76,"column":6},"end":{"line":76,"column":73}},"16":{"start":{"line":79,"column":4},"end":{"line":81,"column":null}},"17":{"start":{"line":80,"column":6},"end":{"line":80,"column":77}},"18":{"start":{"line":83,"column":4},"end":{"line":83,"column":29}},"19":{"start":{"line":88,"column":4},"end":{"line":88,"column":52}},"20":{"start":{"line":22,"column":2},"end":{"line":24,"column":null}},"21":{"start":{"line":21,"column":23},"end":{"line":21,"column":32}},"22":{"start":{"line":28,"column":2},"end":{"line":33,"column":null}},"23":{"start":{"line":27,"column":23},"end":{"line":27,"column":32}},"24":{"start":{"line":37,"column":2},"end":{"line":62,"column":null}},"25":{"start":{"line":36,"column":26},"end":{"line":36,"column":33}},"26":{"start":{"line":66,"column":2},"end":{"line":84,"column":null}},"27":{"start":{"line":65,"column":26},"end":{"line":65,"column":32}},"28":{"start":{"line":87,"column":2},"end":{"line":89,"column":null}},"29":{"start":{"line":19,"column":13},"end":{"line":90,"column":null}},"30":{"start":{"line":18,"column":19},"end":{"line":18,"column":26}},"31":{"start":{"line":19,"column":13},"end":{"line":19,"column":29}}},"fnMap":{"0":{"name":"(anonymous_4)","decl":{"start":{"line":22,"column":2},"end":{"line":22,"column":7}},"loc":{"start":{"line":22,"column":51},"end":{"line":24,"column":3}}},"1":{"name":"(anonymous_5)","decl":{"start":{"line":28,"column":2},"end":{"line":28,"column":7}},"loc":{"start":{"line":30,"column":36},"end":{"line":33,"column":3}}},"2":{"name":"(anonymous_6)","decl":{"start":{"line":37,"column":2},"end":{"line":37,"column":7}},"loc":{"start":{"line":39,"column":36},"end":{"line":62,"column":3}}},"3":{"name":"(anonymous_7)","decl":{"start":{"line":66,"column":2},"end":{"line":66,"column":7}},"loc":{"start":{"line":68,"column":36},"end":{"line":84,"column":3}}},"4":{"name":"(anonymous_8)","decl":{"start":{"line":87,"column":2},"end":{"line":87,"column":7}},"loc":{"start":{"line":87,"column":51},"end":{"line":89,"column":3}}},"5":{"name":"(anonymous_9)","decl":{"start":{"line":21,"column":9},"end":{"line":21,"column":10}},"loc":{"start":{"line":21,"column":23},"end":{"line":21,"column":32}}},"6":{"name":"(anonymous_10)","decl":{"start":{"line":27,"column":9},"end":{"line":27,"column":10}},"loc":{"start":{"line":27,"column":23},"end":{"line":27,"column":32}}},"7":{"name":"(anonymous_11)","decl":{"start":{"line":36,"column":12},"end":{"line":36,"column":13}},"loc":{"start":{"line":36,"column":26},"end":{"line":36,"column":33}}},"8":{"name":"(anonymous_12)","decl":{"start":{"line":65,"column":12},"end":{"line":65,"column":13}},"loc":{"start":{"line":65,"column":26},"end":{"line":65,"column":32}}},"9":{"name":"(anonymous_13)","decl":{"start":{"line":18,"column":10},"end":{"line":18,"column":11}},"loc":{"start":{"line":18,"column":19},"end":{"line":18,"column":26}}}},"branchMap":{"0":{"loc":{"start":{"line":47,"column":4},"end":{"line":53,"column":null}},"type":"if","locations":[{"start":{"line":47,"column":4},"end":{"line":53,"column":null}},{"start":{"line":47,"column":4},"end":{"line":53,"column":null}}]},"1":{"loc":{"start":{"line":75,"column":4},"end":{"line":77,"column":null}},"type":"if","locations":[{"start":{"line":75,"column":4},"end":{"line":77,"column":null}},{"start":{"line":75,"column":4},"end":{"line":77,"column":null}}]},"2":{"loc":{"start":{"line":79,"column":4},"end":{"line":81,"column":null}},"type":"if","locations":[{"start":{"line":79,"column":4},"end":{"line":81,"column":null}},{"start":{"line":79,"column":4},"end":{"line":81,"column":null}}]}},"s":{"0":1,"1":1,"2":1,"3":1,"4":1,"5":1,"6":0,"7":0,"8":0,"9":0,"10":0,"11":0,"12":0,"13":0,"14":0,"15":0,"16":0,"17":0,"18":0,"19":0,"20":1,"21":1,"22":1,"23":1,"24":1,"25":1,"26":1,"27":1,"28":1,"29":1,"30":33,"31":1},"f":{"0":0,"1":0,"2":0,"3":0,"4":0,"5":1,"6":1,"7":1,"8":1,"9":33},"b":{"0":[0,0],"1":[0,0],"2":[0,0]}}
,"C:\\Users\\trale\\Documents\\Dev\\budget-manager\\budget-manager-server\\src\\resolvers\\User.resolvers.ts": {"path":"C:\\Users\\trale\\Documents\\Dev\\budget-manager\\budget-manager-server\\src\\resolvers\\User.resolvers.ts","statementMap":{"0":{"start":{"line":1,"column":0},"end":{"line":1,"column":76}},"1":{"start":{"line":2,"column":0},"end":{"line":2,"column":null}},"2":{"start":{"line":11,"column":0},"end":{"line":11,"column":31}},"3":{"start":{"line":13,"column":0},"end":{"line":13,"column":51}},"4":{"start":{"line":14,"column":0},"end":{"line":14,"column":null}},"5":{"start":{"line":21,"column":0},"end":{"line":21,"column":46}},"6":{"start":{"line":23,"column":0},"end":{"line":23,"column":47}},"7":{"start":{"line":26,"column":0},"end":{"line":193,"column":null}},"8":{"start":{"line":32,"column":17},"end":{"line":32,"column":51}},"9":{"start":{"line":34,"column":4},"end":{"line":38,"column":null}},"10":{"start":{"line":35,"column":6},"end":{"line":37,"column":9}},"11":{"start":{"line":40,"column":4},"end":{"line":44,"column":null}},"12":{"start":{"line":41,"column":6},"end":{"line":43,"column":9}},"13":{"start":{"line":46,"column":4},"end":{"line":46,"column":16}},"14":{"start":{"line":62,"column":4},"end":{"line":66,"column":null}},"15":{"start":{"line":63,"column":6},"end":{"line":65,"column":9}},"16":{"start":{"line":68,"column":17},"end":{"line":68,"column":51}},"17":{"start":{"line":70,"column":4},"end":{"line":74,"column":null}},"18":{"start":{"line":71,"column":6},"end":{"line":73,"column":9}},"19":{"start":{"line":77,"column":4},"end":{"line":77,"column":40}},"20":{"start":{"line":78,"column":4},"end":{"line":78,"column":38}},"21":{"start":{"line":79,"column":4},"end":{"line":79,"column":38}},"22":{"start":{"line":81,"column":20},"end":{"line":87,"column":6}},"23":{"start":{"line":89,"column":4},"end":{"line":89,"column":41}},"24":{"start":{"line":91,"column":4},"end":{"line":97,"column":null}},"25":{"start":{"line":92,"column":26},"end":{"line":92,"column":46}},"26":{"start":{"line":94,"column":6},"end":{"line":94,"column":25}},"27":{"start":{"line":96,"column":6},"end":{"line":96,"column":29}},"28":{"start":{"line":107,"column":4},"end":{"line":113,"column":null}},"29":{"start":{"line":108,"column":6},"end":{"line":112,"column":9}},"30":{"start":{"line":115,"column":17},"end":{"line":115,"column":63}},"31":{"start":{"line":117,"column":4},"end":{"line":119,"column":null}},"32":{"start":{"line":118,"column":6},"end":{"line":118,"column":76}},"33":{"start":{"line":121,"column":4},"end":{"line":125,"column":null}},"34":{"start":{"line":122,"column":6},"end":{"line":124,"column":9}},"35":{"start":{"line":127,"column":4},"end":{"line":127,"column":43}},"36":{"start":{"line":129,"column":4},"end":{"line":135,"column":null}},"37":{"start":{"line":130,"column":6},"end":{"line":130,"column":26}},"38":{"start":{"line":132,"column":6},"end":{"line":132,"column":20}},"39":{"start":{"line":134,"column":6},"end":{"line":134,"column":29}},"40":{"start":{"line":144,"column":4},"end":{"line":157,"column":null}},"41":{"start":{"line":145,"column":26},"end":{"line":147,"column":null}},"42":{"start":{"line":150,"column":6},"end":{"line":152,"column":null}},"43":{"start":{"line":151,"column":8},"end":{"line":151,"column":72}},"44":{"start":{"line":154,"column":6},"end":{"line":154,"column":25}},"45":{"start":{"line":156,"column":6},"end":{"line":156,"column":29}},"46":{"start":{"line":164,"column":18},"end":{"line":175,"column":null}},"47":{"start":{"line":178,"column":4},"end":{"line":178,"column":17}},"48":{"start":{"line":183,"column":19},"end":{"line":183,"column":52}},"49":{"start":{"line":185,"column":18},"end":{"line":185,"column":19}},"50":{"start":{"line":187,"column":4},"end":{"line":189,"column":null}},"51":{"start":{"line":188,"column":6},"end":{"line":188,"column":45}},"52":{"start":{"line":191,"column":4},"end":{"line":191,"column":19}},"53":{"start":{"line":28,"column":2},"end":{"line":47,"column":null}},"54":{"start":{"line":27,"column":26},"end":{"line":27,"column":30}},"55":{"start":{"line":50,"column":2},"end":{"line":98,"column":null}},"56":{"start":{"line":49,"column":18},"end":{"line":49,"column":22}},"57":{"start":{"line":102,"column":2},"end":{"line":136,"column":null}},"58":{"start":{"line":101,"column":26},"end":{"line":101,"column":30}},"59":{"start":{"line":140,"column":2},"end":{"line":158,"column":null}},"60":{"start":{"line":139,"column":26},"end":{"line":139,"column":30}},"61":{"start":{"line":161,"column":2},"end":{"line":179,"column":null}},"62":{"start":{"line":182,"column":2},"end":{"line":192,"column":null}},"63":{"start":{"line":26,"column":13},"end":{"line":193,"column":null}},"64":{"start":{"line":25,"column":19},"end":{"line":25,"column":23}},"65":{"start":{"line":26,"column":13},"end":{"line":26,"column":26}}},"fnMap":{"0":{"name":"(anonymous_5)","decl":{"start":{"line":28,"column":2},"end":{"line":28,"column":7}},"loc":{"start":{"line":30,"column":35},"end":{"line":47,"column":3}}},"1":{"name":"(anonymous_6)","decl":{"start":{"line":50,"column":2},"end":{"line":50,"column":7}},"loc":{"start":{"line":59,"column":20},"end":{"line":98,"column":3}}},"2":{"name":"(anonymous_7)","decl":{"start":{"line":102,"column":2},"end":{"line":102,"column":7}},"loc":{"start":{"line":105,"column":36},"end":{"line":136,"column":3}}},"3":{"name":"(anonymous_8)","decl":{"start":{"line":140,"column":2},"end":{"line":140,"column":7}},"loc":{"start":{"line":142,"column":36},"end":{"line":158,"column":3}}},"4":{"name":"(anonymous_9)","decl":{"start":{"line":161,"column":2},"end":{"line":161,"column":7}},"loc":{"start":{"line":162,"column":76},"end":{"line":179,"column":3}}},"5":{"name":"(anonymous_10)","decl":{"start":{"line":182,"column":2},"end":{"line":182,"column":7}},"loc":{"start":{"line":182,"column":58},"end":{"line":192,"column":3}}},"6":{"name":"(anonymous_11)","decl":{"start":{"line":27,"column":12},"end":{"line":27,"column":13}},"loc":{"start":{"line":27,"column":26},"end":{"line":27,"column":30}}},"7":{"name":"(anonymous_12)","decl":{"start":{"line":49,"column":12},"end":{"line":49,"column":15}},"loc":{"start":{"line":49,"column":18},"end":{"line":49,"column":22}}},"8":{"name":"(anonymous_13)","decl":{"start":{"line":101,"column":12},"end":{"line":101,"column":13}},"loc":{"start":{"line":101,"column":26},"end":{"line":101,"column":30}}},"9":{"name":"(anonymous_14)","decl":{"start":{"line":139,"column":12},"end":{"line":139,"column":13}},"loc":{"start":{"line":139,"column":26},"end":{"line":139,"column":30}}},"10":{"name":"(anonymous_15)","decl":{"start":{"line":25,"column":10},"end":{"line":25,"column":11}},"loc":{"start":{"line":25,"column":19},"end":{"line":25,"column":23}}}},"branchMap":{"0":{"loc":{"start":{"line":34,"column":4},"end":{"line":38,"column":null}},"type":"if","locations":[{"start":{"line":34,"column":4},"end":{"line":38,"column":null}},{"start":{"line":34,"column":4},"end":{"line":38,"column":null}}]},"1":{"loc":{"start":{"line":40,"column":4},"end":{"line":44,"column":null}},"type":"if","locations":[{"start":{"line":40,"column":4},"end":{"line":44,"column":null}},{"start":{"line":40,"column":4},"end":{"line":44,"column":null}}]},"2":{"loc":{"start":{"line":62,"column":4},"end":{"line":66,"column":null}},"type":"if","locations":[{"start":{"line":62,"column":4},"end":{"line":66,"column":null}},{"start":{"line":62,"column":4},"end":{"line":66,"column":null}}]},"3":{"loc":{"start":{"line":70,"column":4},"end":{"line":74,"column":null}},"type":"if","locations":[{"start":{"line":70,"column":4},"end":{"line":74,"column":null}},{"start":{"line":70,"column":4},"end":{"line":74,"column":null}}]},"4":{"loc":{"start":{"line":77,"column":16},"end":{"line":77,"column":33}},"type":"binary-expr","locations":[{"start":{"line":77,"column":16},"end":{"line":77,"column":33}},{"start":{"line":77,"column":37},"end":{"line":77,"column":39}}]},"5":{"loc":{"start":{"line":78,"column":15},"end":{"line":78,"column":31}},"type":"binary-expr","locations":[{"start":{"line":78,"column":15},"end":{"line":78,"column":31}},{"start":{"line":78,"column":35},"end":{"line":78,"column":37}}]},"6":{"loc":{"start":{"line":79,"column":15},"end":{"line":79,"column":31}},"type":"binary-expr","locations":[{"start":{"line":79,"column":15},"end":{"line":79,"column":31}},{"start":{"line":79,"column":35},"end":{"line":79,"column":37}}]},"7":{"loc":{"start":{"line":107,"column":4},"end":{"line":113,"column":null}},"type":"if","locations":[{"start":{"line":107,"column":4},"end":{"line":113,"column":null}},{"start":{"line":107,"column":4},"end":{"line":113,"column":null}}]},"8":{"loc":{"start":{"line":117,"column":4},"end":{"line":119,"column":null}},"type":"if","locations":[{"start":{"line":117,"column":4},"end":{"line":119,"column":null}},{"start":{"line":117,"column":4},"end":{"line":119,"column":null}}]},"9":{"loc":{"start":{"line":121,"column":4},"end":{"line":125,"column":null}},"type":"if","locations":[{"start":{"line":121,"column":4},"end":{"line":125,"column":null}},{"start":{"line":121,"column":4},"end":{"line":125,"column":null}}]},"10":{"loc":{"start":{"line":150,"column":6},"end":{"line":152,"column":null}},"type":"if","locations":[{"start":{"line":150,"column":6},"end":{"line":152,"column":null}},{"start":{"line":150,"column":6},"end":{"line":152,"column":null}}]}},"s":{"0":1,"1":1,"2":1,"3":1,"4":1,"5":1,"6":1,"7":1,"8":6,"9":6,"10":1,"11":5,"12":1,"13":4,"14":7,"15":1,"16":6,"17":6,"18":1,"19":5,"20":5,"21":5,"22":5,"23":5,"24":5,"25":5,"26":5,"27":0,"28":2,"29":1,"30":1,"31":1,"32":0,"33":1,"34":1,"35":0,"36":0,"37":0,"38":0,"39":0,"40":0,"41":0,"42":0,"43":0,"44":0,"45":0,"46":2,"47":2,"48":1,"49":1,"50":1,"51":0,"52":1,"53":1,"54":1,"55":1,"56":1,"57":1,"58":1,"59":1,"60":1,"61":1,"62":1,"63":1,"64":63,"65":1},"f":{"0":6,"1":7,"2":2,"3":0,"4":2,"5":1,"6":1,"7":1,"8":1,"9":1,"10":63},"b":{"0":[1,5],"1":[1,4],"2":[1,6],"3":[1,5],"4":[5,3],"5":[5,3],"6":[5,3],"7":[1,1],"8":[0,1],"9":[1,0],"10":[0,0]}}
,"C:\\Users\\trale\\Documents\\Dev\\budget-manager\\budget-manager-server\\src\\resolvers\\types\\Category.inputs.ts": {"path":"C:\\Users\\trale\\Documents\\Dev\\budget-manager\\budget-manager-server\\src\\resolvers\\types\\Category.inputs.ts","statementMap":{"0":{"start":{"line":1,"column":0},"end":{"line":1,"column":44}},"1":{"start":{"line":2,"column":0},"end":{"line":2,"column":48}},"2":{"start":{"line":4,"column":0},"end":{"line":4,"column":66}},"3":{"start":{"line":7,"column":0},"end":{"line":17,"column":null}},"4":{"start":{"line":13,"column":2},"end":{"line":13,"column":null}},"5":{"start":{"line":16,"column":2},"end":{"line":16,"column":null}},"6":{"start":{"line":15,"column":20},"end":{"line":15,"column":30}},"7":{"start":{"line":7,"column":13},"end":{"line":17,"column":null}},"8":{"start":{"line":7,"column":13},"end":{"line":7,"column":26}}},"fnMap":{"0":{"name":"(anonymous_2)","decl":{"start":{"line":15,"column":9},"end":{"line":15,"column":10}},"loc":{"start":{"line":15,"column":20},"end":{"line":15,"column":30}}}},"branchMap":{},"s":{"0":1,"1":1,"2":1,"3":1,"4":1,"5":1,"6":1,"7":1,"8":1},"f":{"0":1},"b":{}}
,"C:\\Users\\trale\\Documents\\Dev\\budget-manager\\budget-manager-server\\src\\resolvers\\types\\Event.inputs.ts": {"path":"C:\\Users\\trale\\Documents\\Dev\\budget-manager\\budget-manager-server\\src\\resolvers\\types\\Event.inputs.ts","statementMap":{"0":{"start":{"line":2,"column":0},"end":{"line":2,"column":null}},"1":{"start":{"line":10,"column":0},"end":{"line":10,"column":48}},"2":{"start":{"line":13,"column":0},"end":{"line":13,"column":62}},"3":{"start":{"line":16,"column":0},"end":{"line":40,"column":null}},"4":{"start":{"line":19,"column":2},"end":{"line":19,"column":null}},"5":{"start":{"line":24,"column":2},"end":{"line":24,"column":null}},"6":{"start":{"line":21,"column":20},"end":{"line":21,"column":26}},"7":{"start":{"line":28,"column":2},"end":{"line":28,"column":null}},"8":{"start":{"line":26,"column":20},"end":{"line":26,"column":24}},"9":{"start":{"line":31,"column":2},"end":{"line":31,"column":null}},"10":{"start":{"line":30,"column":20},"end":{"line":30,"column":26}},"11":{"start":{"line":35,"column":2},"end":{"line":35,"column":null}},"12":{"start":{"line":33,"column":20},"end":{"line":33,"column":27}},"13":{"start":{"line":39,"column":2},"end":{"line":39,"column":null}},"14":{"start":{"line":37,"column":20},"end":{"line":37,"column":26}},"15":{"start":{"line":16,"column":13},"end":{"line":40,"column":null}},"16":{"start":{"line":16,"column":13},"end":{"line":16,"column":23}}},"fnMap":{"0":{"name":"(anonymous_2)","decl":{"start":{"line":21,"column":9},"end":{"line":21,"column":10}},"loc":{"start":{"line":21,"column":20},"end":{"line":21,"column":26}}},"1":{"name":"(anonymous_3)","decl":{"start":{"line":26,"column":9},"end":{"line":26,"column":10}},"loc":{"start":{"line":26,"column":20},"end":{"line":26,"column":24}}},"2":{"name":"(anonymous_4)","decl":{"start":{"line":30,"column":9},"end":{"line":30,"column":10}},"loc":{"start":{"line":30,"column":20},"end":{"line":30,"column":26}}},"3":{"name":"(anonymous_5)","decl":{"start":{"line":33,"column":9},"end":{"line":33,"column":10}},"loc":{"start":{"line":33,"column":20},"end":{"line":33,"column":27}}},"4":{"name":"(anonymous_6)","decl":{"start":{"line":37,"column":9},"end":{"line":37,"column":10}},"loc":{"start":{"line":37,"column":20},"end":{"line":37,"column":26}}}},"branchMap":{},"s":{"0":1,"1":1,"2":1,"3":1,"4":1,"5":1,"6":1,"7":1,"8":1,"9":1,"10":1,"11":1,"12":1,"13":1,"14":1,"15":1,"16":1},"f":{"0":1,"1":1,"2":1,"3":1,"4":1},"b":{}}
,"C:\\Users\\trale\\Documents\\Dev\\budget-manager\\budget-manager-server\\src\\resolvers\\types\\Goal.inputs.ts": {"path":"C:\\Users\\trale\\Documents\\Dev\\budget-manager\\budget-manager-server\\src\\resolvers\\types\\Goal.inputs.ts","statementMap":{"0":{"start":{"line":1,"column":0},"end":{"line":1,"column":48}},"1":{"start":{"line":2,"column":0},"end":{"line":2,"column":55}},"2":{"start":{"line":6,"column":0},"end":{"line":14,"column":null}},"3":{"start":{"line":8,"column":2},"end":{"line":8,"column":null}},"4":{"start":{"line":7,"column":20},"end":{"line":7,"column":26}},"5":{"start":{"line":13,"column":2},"end":{"line":13,"column":null}},"6":{"start":{"line":10,"column":20},"end":{"line":10,"column":25}},"7":{"start":{"line":6,"column":13},"end":{"line":14,"column":null}},"8":{"start":{"line":6,"column":13},"end":{"line":6,"column":22}}},"fnMap":{"0":{"name":"(anonymous_2)","decl":{"start":{"line":7,"column":9},"end":{"line":7,"column":10}},"loc":{"start":{"line":7,"column":20},"end":{"line":7,"column":26}}},"1":{"name":"(anonymous_3)","decl":{"start":{"line":10,"column":9},"end":{"line":10,"column":10}},"loc":{"start":{"line":10,"column":20},"end":{"line":10,"column":25}}}},"branchMap":{},"s":{"0":1,"1":1,"2":1,"3":1,"4":1,"5":1,"6":1,"7":1,"8":1},"f":{"0":1,"1":1},"b":{}}
,"C:\\Users\\trale\\Documents\\Dev\\budget-manager\\budget-manager-server\\src\\resolvers\\types\\Savings.types.ts": {"path":"C:\\Users\\trale\\Documents\\Dev\\budget-manager\\budget-manager-server\\src\\resolvers\\types\\Savings.types.ts","statementMap":{"0":{"start":{"line":2,"column":0},"end":{"line":2,"column":53}},"1":{"start":{"line":3,"column":0},"end":{"line":3,"column":48}},"2":{"start":{"line":8,"column":0},"end":{"line":16,"column":null}},"3":{"start":{"line":11,"column":2},"end":{"line":11,"column":null}},"4":{"start":{"line":9,"column":20},"end":{"line":9,"column":26}},"5":{"start":{"line":15,"column":2},"end":{"line":15,"column":null}},"6":{"start":{"line":8,"column":13},"end":{"line":16,"column":null}},"7":{"start":{"line":8,"column":13},"end":{"line":8,"column":25}}},"fnMap":{"0":{"name":"(anonymous_2)","decl":{"start":{"line":9,"column":9},"end":{"line":9,"column":10}},"loc":{"start":{"line":9,"column":20},"end":{"line":9,"column":26}}}},"branchMap":{},"s":{"0":1,"1":1,"2":1,"3":1,"4":1,"5":1,"6":1,"7":1},"f":{"0":1},"b":{}}
,"C:\\Users\\trale\\Documents\\Dev\\budget-manager\\budget-manager-server\\src\\resolvers\\types\\User.inputs.ts": {"path":"C:\\Users\\trale\\Documents\\Dev\\budget-manager\\budget-manager-server\\src\\resolvers\\types\\User.inputs.ts","statementMap":{"0":{"start":{"line":1,"column":0},"end":{"line":1,"column":74}},"1":{"start":{"line":2,"column":0},"end":{"line":2,"column":48}},"2":{"start":{"line":6,"column":0},"end":{"line":15,"column":null}},"3":{"start":{"line":9,"column":2},"end":{"line":9,"column":null}},"4":{"start":{"line":14,"column":2},"end":{"line":14,"column":null}},"5":{"start":{"line":6,"column":13},"end":{"line":15,"column":null}},"6":{"start":{"line":6,"column":13},"end":{"line":6,"column":23}},"7":{"start":{"line":18,"column":0},"end":{"line":41,"column":null}},"8":{"start":{"line":21,"column":2},"end":{"line":21,"column":null}},"9":{"start":{"line":28,"column":2},"end":{"line":28,"column":null}},"10":{"start":{"line":34,"column":2},"end":{"line":34,"column":null}},"11":{"start":{"line":40,"column":2},"end":{"line":40,"column":null}},"12":{"start":{"line":18,"column":13},"end":{"line":41,"column":null}},"13":{"start":{"line":18,"column":13},"end":{"line":18,"column":26}},"14":{"start":{"line":44,"column":0},"end":{"line":58,"column":null}},"15":{"start":{"line":48,"column":2},"end":{"line":48,"column":null}},"16":{"start":{"line":53,"column":2},"end":{"line":53,"column":null}},"17":{"start":{"line":57,"column":2},"end":{"line":57,"column":null}},"18":{"start":{"line":44,"column":13},"end":{"line":58,"column":null}},"19":{"start":{"line":44,"column":13},"end":{"line":44,"column":32}},"20":{"start":{"line":61,"column":0},"end":{"line":82,"column":null}},"21":{"start":{"line":67,"column":2},"end":{"line":67,"column":null}},"22":{"start":{"line":74,"column":2},"end":{"line":74,"column":null}},"23":{"start":{"line":81,"column":2},"end":{"line":81,"column":null}},"24":{"start":{"line":61,"column":13},"end":{"line":82,"column":null}},"25":{"start":{"line":61,"column":13},"end":{"line":61,"column":31}}},"fnMap":{},"branchMap":{},"s":{"0":1,"1":1,"2":1,"3":1,"4":1,"5":1,"6":1,"7":1,"8":1,"9":1,"10":1,"11":1,"12":1,"13":1,"14":1,"15":1,"16":1,"17":1,"18":1,"19":1,"20":1,"21":1,"22":1,"23":1,"24":1,"25":1},"f":{},"b":{}}
,"C:\\Users\\trale\\Documents\\Dev\\budget-manager\\budget-manager-server\\src\\utils\\envVars.ts": {"path":"C:\\Users\\trale\\Documents\\Dev\\budget-manager\\budget-manager-server\\src\\utils\\envVars.ts","statementMap":{"0":{"start":{"line":1,"column":13},"end":{"line":1,"column":55}},"1":{"start":{"line":3,"column":13},"end":{"line":3,"column":47}},"2":{"start":{"line":5,"column":13},"end":{"line":5,"column":51}}},"fnMap":{},"branchMap":{"0":{"loc":{"start":{"line":1,"column":26},"end":{"line":1,"column":48}},"type":"binary-expr","locations":[{"start":{"line":1,"column":26},"end":{"line":1,"column":48}},{"start":{"line":1,"column":52},"end":{"line":1,"column":54}}]},"1":{"loc":{"start":{"line":3,"column":20},"end":{"line":3,"column":36}},"type":"binary-expr","locations":[{"start":{"line":3,"column":20},"end":{"line":3,"column":36}},{"start":{"line":3,"column":40},"end":{"line":3,"column":46}}]}},"s":{"0":1,"1":1,"2":1},"f":{},"b":{"0":[1,0],"1":[1,0]}}
}
