TN:
SF:__tests__\seeds\index.ts
FN:8,(anonymous_1)
FN:11,(anonymous_2)
FNF:2
FNH:2
FNDA:56,(anonymous_1)
FNDA:224,(anonymous_2)
DA:1,3
DA:2,3
DA:3,3
DA:4,3
DA:6,3
DA:8,3
DA:9,56
DA:11,56
DA:12,224
DA:15,56
DA:16,168
DA:19,168
DA:21,168
DA:23,168
DA:24,0
DA:27,168
DA:29,168
LF:17
LH:16
BRDA:23,0,0,0
BRDA:23,0,1,168
BRF:2
BRH:1
end_of_record
TN:
SF:__tests__\utils\testSetup.ts
FN:27,(anonymous_1)
FN:31,(anonymous_2)
FN:42,(anonymous_3)
FN:47,(anonymous_4)
FN:51,(anonymous_5)
FN:60,(anonymous_6)
FNF:6
FNH:6
FNDA:3,(anonymous_1)
FNDA:3,(anonymous_2)
FNDA:3,(anonymous_3)
FNDA:56,(anonymous_4)
FNDA:56,(anonymous_5)
FNDA:30,(anonymous_6)
DA:1,3
DA:2,3
DA:3,3
DA:5,3
DA:6,3
DA:8,3
DA:10,3
DA:23,3
DA:28,3
DA:29,3
DA:32,3
DA:34,3
DA:43,3
DA:44,3
DA:48,56
DA:52,56
DA:53,56
DA:54,280
DA:56,280
DA:61,30
LF:20
LH:20
BRF:0
BRH:0
end_of_record
TN:
SF:src\server.ts
FN:16,(anonymous_1)
FN:38,(anonymous_2)
FNF:2
FNH:2
FNDA:3,(anonymous_1)
FNDA:56,(anonymous_2)
DA:1,3
DA:2,3
DA:3,3
DA:4,3
DA:5,3
DA:7,3
DA:8,3
DA:9,3
DA:10,3
DA:11,3
DA:12,3
DA:14,3
DA:16,3
DA:17,3
DA:36,3
DA:39,56
DA:41,56
DA:42,30
DA:43,30
DA:49,26
DA:53,3
DA:55,3
DA:57,3
LF:23
LH:23
BRDA:39,0,0,56
BRDA:39,0,1,26
BRDA:41,1,0,30
BRDA:41,1,1,26
BRF:4
BRH:4
end_of_record
TN:
SF:src\entities\Category.ts
FN:9,(anonymous_2)
FN:16,(anonymous_3)
FN:20,(anonymous_4)
FNF:3
FNH:3
FNDA:3,(anonymous_2)
FNDA:3,(anonymous_3)
FNDA:3,(anonymous_4)
DA:1,3
DA:2,3
DA:3,3
DA:4,3
DA:5,3
DA:8,3
DA:9,3
DA:10,3
DA:14,3
DA:16,3
DA:18,3
DA:20,3
DA:22,3
DA:25,3
LF:14
LH:14
BRF:0
BRH:0
end_of_record
TN:
SF:src\entities\Event.ts
FN:10,(anonymous_2)
FN:17,(anonymous_3)
FN:21,(anonymous_4)
FN:29,(anonymous_5)
FN:33,(anonymous_6)
FN:40,(anonymous_7)
FN:43,(anonymous_8)
FNF:7
FNH:7
FNDA:3,(anonymous_2)
FNDA:3,(anonymous_3)
FNDA:3,(anonymous_4)
FNDA:3,(anonymous_5)
FNDA:3,(anonymous_6)
FNDA:3,(anonymous_7)
FNDA:3,(anonymous_8)
DA:1,3
DA:2,3
DA:3,3
DA:4,3
DA:5,3
DA:6,3
DA:9,3
DA:10,3
DA:11,3
DA:15,3
DA:17,3
DA:19,3
DA:21,3
DA:23,3
DA:27,3
DA:29,3
DA:31,3
DA:33,3
DA:35,3
DA:38,3
DA:40,3
DA:41,3
DA:43,3
DA:45,3
DA:48,3
LF:25
LH:25
BRF:0
BRH:0
end_of_record
TN:
SF:src\entities\Goal.ts
FN:8,(anonymous_2)
FN:11,(anonymous_3)
FN:15,(anonymous_4)
FN:19,(anonymous_5)
FN:23,(anonymous_6)
FN:27,(anonymous_7)
FN:31,(anonymous_8)
FN:35,(anonymous_9)
FNF:8
FNH:8
FNDA:3,(anonymous_2)
FNDA:3,(anonymous_3)
FNDA:3,(anonymous_4)
FNDA:3,(anonymous_5)
FNDA:3,(anonymous_6)
FNDA:3,(anonymous_7)
FNDA:3,(anonymous_8)
FNDA:3,(anonymous_9)
DA:1,3
DA:2,3
DA:3,3
DA:4,3
DA:7,3
DA:8,3
DA:9,3
DA:11,3
DA:13,3
DA:15,3
DA:17,3
DA:19,3
DA:21,3
DA:23,3
DA:25,3
DA:27,3
DA:29,3
DA:31,3
DA:33,3
DA:35,3
DA:36,3
DA:39,3
LF:22
LH:22
BRF:0
BRH:0
end_of_record
TN:
SF:src\entities\Savings.ts
FN:9,(anonymous_2)
FN:12,(anonymous_3)
FN:16,(anonymous_4)
FN:23,(anonymous_5)
FN:26,(anonymous_6)
FNF:5
FNH:5
FNDA:3,(anonymous_2)
FNDA:3,(anonymous_3)
FNDA:3,(anonymous_4)
FNDA:3,(anonymous_5)
FNDA:3,(anonymous_6)
DA:1,3
DA:2,3
DA:3,3
DA:4,3
DA:5,3
DA:8,3
DA:9,3
DA:10,3
DA:12,3
DA:14,3
DA:16,3
DA:18,3
DA:21,3
DA:23,3
DA:24,3
DA:26,3
DA:28,3
DA:31,3
LF:18
LH:18
BRF:0
BRH:0
end_of_record
TN:
SF:src\entities\User.ts
FN:43,(anonymous_3)
FN:50,(anonymous_4)
FN:63,(anonymous_5)
FN:69,(anonymous_6)
FN:10,(anonymous_7)
FN:40,(anonymous_8)
FNF:6
FNH:6
FNDA:2,(anonymous_3)
FNDA:30,(anonymous_4)
FNDA:8,(anonymous_5)
FNDA:8,(anonymous_6)
FNDA:3,(anonymous_7)
FNDA:3,(anonymous_8)
DA:1,3
DA:2,3
DA:3,3
DA:4,3
DA:5,3
DA:6,3
DA:9,3
DA:10,3
DA:11,3
DA:15,3
DA:19,3
DA:23,3
DA:27,3
DA:31,3
DA:35,3
DA:38,3
DA:40,3
DA:41,3
DA:45,2
DA:47,2
DA:51,30
DA:52,30
DA:57,30
DA:59,0
DA:64,8
DA:66,8
DA:70,8
DA:72,8
DA:76,3
LF:29
LH:28
BRDA:45,0,0,1
BRDA:45,0,1,1
BRDA:47,1,0,2
BRDA:47,1,1,0
BRDA:47,2,0,2
BRDA:47,2,1,0
BRF:6
BRH:4
end_of_record
TN:
SF:src\entities\utils\Positivity.enum.ts
FN:3,(anonymous_0)
FN:15,(anonymous_1)
FNF:2
FNH:2
FNDA:3,(anonymous_0)
FNDA:3,(anonymous_1)
DA:1,3
DA:3,3
DA:4,3
DA:5,3
DA:6,3
DA:9,3
DA:15,3
DA:16,3
DA:17,3
DA:20,3
LF:10
LH:10
BRDA:3,0,0,3
BRDA:3,0,1,3
BRDA:15,1,0,3
BRDA:15,1,1,3
BRF:4
BRH:4
end_of_record
TN:
SF:src\middlewares\authCheck.middleware.ts
FN:5,(anonymous_0)
FNF:1
FNH:1
FNDA:38,(anonymous_0)
DA:1,3
DA:5,3
DA:9,38
DA:10,8
DA:15,30
DA:16,30
DA:19,0
LF:7
LH:6
BRDA:7,0,0,0
BRDA:9,1,0,8
BRDA:9,1,1,30
BRDA:15,2,0,30
BRDA:15,2,1,0
BRF:5
BRH:3
end_of_record
TN:
SF:src\middlewares\errorInterceptor.middleware.ts
FN:4,(anonymous_0)
FNF:1
FNH:1
FNDA:134,(anonymous_0)
DA:1,3
DA:4,3
DA:5,134
DA:6,134
DA:9,26
DA:10,14
DA:11,14
DA:12,14
DA:14,14
DA:19,14
DA:22,12
LF:11
LH:11
BRDA:9,0,0,14
BRDA:9,0,1,12
BRF:2
BRH:2
end_of_record
TN:
SF:src\resolvers\Category.resolvers.ts
FN:11,(anonymous_4)
FN:21,(anonymous_5)
FN:55,(anonymous_6)
FN:10,(anonymous_7)
FN:20,(anonymous_8)
FN:54,(anonymous_9)
FN:7,(anonymous_10)
FNF:7
FNH:6
FNDA:2,(anonymous_4)
FNDA:4,(anonymous_5)
FNDA:3,(anonymous_6)
FNDA:3,(anonymous_7)
FNDA:3,(anonymous_8)
FNDA:3,(anonymous_9)
FNDA:0,(anonymous_10)
DA:1,3
DA:2,3
DA:3,3
DA:5,3
DA:7,0
DA:8,3
DA:10,3
DA:11,3
DA:12,2
DA:16,2
DA:20,3
DA:21,3
DA:26,4
DA:39,4
DA:40,2
DA:45,2
DA:50,2
DA:54,3
DA:55,3
DA:59,3
DA:64,3
DA:65,0
DA:68,3
DA:69,2
DA:72,1
LF:25
LH:23
BRDA:39,0,0,2
BRDA:39,0,1,2
BRDA:64,1,0,0
BRDA:64,1,1,3
BRDA:68,2,0,2
BRDA:68,2,1,1
BRF:6
BRH:5
end_of_record
TN:
SF:src\resolvers\Event.resolvers.ts
FN:21,(anonymous_4)
FN:29,(anonymous_5)
FN:43,(anonymous_6)
FN:70,(anonymous_7)
FN:20,(anonymous_8)
FN:28,(anonymous_9)
FN:42,(anonymous_10)
FN:17,(anonymous_11)
FNF:8
FNH:8
FNDA:2,(anonymous_4)
FNDA:2,(anonymous_5)
FNDA:3,(anonymous_6)
FNDA:2,(anonymous_7)
FNDA:3,(anonymous_8)
FNDA:3,(anonymous_9)
FNDA:3,(anonymous_10)
FNDA:108,(anonymous_11)
DA:2,3
DA:12,3
DA:13,3
DA:15,3
DA:17,108
DA:18,3
DA:20,3
DA:21,3
DA:22,2
DA:24,2
DA:28,3
DA:29,3
DA:33,2
DA:38,2
DA:42,3
DA:43,3
DA:47,3
DA:48,3
DA:53,3
DA:54,0
DA:57,3
DA:58,2
DA:63,1
DA:65,2
DA:70,3
DA:71,2
DA:72,2
LF:27
LH:26
BRDA:53,0,0,0
BRDA:53,0,1,3
BRDA:57,1,0,2
BRDA:57,1,1,1
BRF:4
BRH:3
end_of_record
TN:
SF:src\resolvers\Goal.resolvers.ts
FN:22,(anonymous_4)
FN:30,(anonymous_5)
FN:62,(anonymous_6)
FN:88,(anonymous_7)
FN:111,(anonymous_8)
FN:132,(anonymous_9)
FN:21,(anonymous_10)
FN:29,(anonymous_11)
FN:61,(anonymous_12)
FN:87,(anonymous_13)
FN:110,(anonymous_14)
FN:131,(anonymous_15)
FN:18,(anonymous_16)
FNF:13
FNH:6
FNDA:0,(anonymous_4)
FNDA:0,(anonymous_5)
FNDA:0,(anonymous_6)
FNDA:0,(anonymous_7)
FNDA:0,(anonymous_8)
FNDA:0,(anonymous_9)
FNDA:3,(anonymous_10)
FNDA:3,(anonymous_11)
FNDA:3,(anonymous_12)
FNDA:3,(anonymous_13)
FNDA:3,(anonymous_14)
FNDA:0,(anonymous_15)
FNDA:105,(anonymous_16)
DA:2,3
DA:3,3
DA:13,3
DA:14,3
DA:16,3
DA:18,105
DA:19,3
DA:21,3
DA:22,3
DA:23,0
DA:25,0
DA:29,3
DA:30,3
DA:34,0
DA:39,0
DA:40,0
DA:47,0
DA:53,0
DA:54,0
DA:56,0
DA:61,3
DA:62,3
DA:66,0
DA:67,0
DA:72,0
DA:73,0
DA:76,0
DA:77,0
DA:80,0
DA:82,0
DA:87,3
DA:88,3
DA:93,0
DA:95,0
DA:96,0
DA:103,0
DA:104,0
DA:106,0
DA:110,3
DA:111,3
DA:115,0
DA:117,0
DA:118,0
DA:125,0
DA:126,0
DA:128,0
DA:131,0
DA:132,3
DA:133,0
DA:134,0
DA:135,0
DA:136,0
DA:138,0
LF:53
LH:18
BRDA:39,0,0,0
BRDA:39,0,1,0
BRDA:72,1,0,0
BRDA:72,1,1,0
BRDA:76,2,0,0
BRDA:76,2,1,0
BRDA:95,3,0,0
BRDA:95,3,1,0
BRDA:117,4,0,0
BRDA:117,4,1,0
BRF:10
BRH:0
end_of_record
TN:
SF:src\resolvers\Savings.resolvers.ts
FN:22,(anonymous_4)
FN:28,(anonymous_5)
FN:37,(anonymous_6)
FN:66,(anonymous_7)
FN:87,(anonymous_8)
FN:21,(anonymous_9)
FN:27,(anonymous_10)
FN:36,(anonymous_11)
FN:65,(anonymous_12)
FN:18,(anonymous_13)
FNF:10
FNH:5
FNDA:0,(anonymous_4)
FNDA:0,(anonymous_5)
FNDA:0,(anonymous_6)
FNDA:0,(anonymous_7)
FNDA:0,(anonymous_8)
FNDA:3,(anonymous_9)
FNDA:3,(anonymous_10)
FNDA:3,(anonymous_11)
FNDA:3,(anonymous_12)
FNDA:102,(anonymous_13)
DA:2,3
DA:3,3
DA:13,3
DA:14,3
DA:16,3
DA:18,102
DA:19,3
DA:21,3
DA:22,3
DA:23,0
DA:27,3
DA:28,3
DA:32,0
DA:36,3
DA:37,3
DA:42,0
DA:47,0
DA:48,0
DA:55,0
DA:61,0
DA:65,3
DA:66,3
DA:70,0
DA:75,0
DA:76,0
DA:79,0
DA:80,0
DA:83,0
DA:87,3
DA:88,0
LF:30
LH:16
BRDA:47,0,0,0
BRDA:47,0,1,0
BRDA:75,1,0,0
BRDA:75,1,1,0
BRDA:79,2,0,0
BRDA:79,2,1,0
BRF:6
BRH:0
end_of_record
TN:
SF:src\resolvers\User.resolvers.ts
FN:28,(anonymous_5)
FN:50,(anonymous_6)
FN:98,(anonymous_7)
FN:132,(anonymous_8)
FN:155,(anonymous_9)
FN:176,(anonymous_10)
FN:27,(anonymous_11)
FN:49,(anonymous_12)
FN:97,(anonymous_13)
FN:131,(anonymous_14)
FN:25,(anonymous_15)
FNF:11
FNH:11
FNDA:5,(anonymous_5)
FNDA:7,(anonymous_6)
FNDA:5,(anonymous_7)
FNDA:1,(anonymous_8)
FNDA:2,(anonymous_9)
FNDA:2,(anonymous_10)
FNDA:3,(anonymous_11)
FNDA:3,(anonymous_12)
FNDA:3,(anonymous_13)
FNDA:3,(anonymous_14)
FNDA:195,(anonymous_15)
DA:1,3
DA:2,3
DA:11,3
DA:13,3
DA:14,3
DA:21,3
DA:23,3
DA:25,195
DA:26,3
DA:27,3
DA:28,3
DA:32,5
DA:34,5
DA:35,1
DA:40,4
DA:41,1
DA:46,3
DA:49,3
DA:50,3
DA:62,7
DA:63,1
DA:68,6
DA:70,6
DA:71,1
DA:77,5
DA:78,5
DA:79,5
DA:81,5
DA:89,5
DA:91,5
DA:93,5
DA:97,3
DA:98,3
DA:103,5
DA:104,1
DA:111,4
DA:113,4
DA:114,0
DA:117,4
DA:118,1
DA:123,3
DA:125,3
DA:127,3
DA:131,3
DA:132,3
DA:136,1
DA:141,1
DA:142,0
DA:145,1
DA:147,1
DA:148,0
DA:151,1
DA:155,3
DA:158,2
DA:172,2
DA:176,3
DA:177,2
DA:179,2
DA:181,2
DA:182,0
DA:185,2
LF:61
LH:57
BRDA:34,0,0,1
BRDA:34,0,1,4
BRDA:40,1,0,1
BRDA:40,1,1,3
BRDA:62,2,0,1
BRDA:62,2,1,6
BRDA:70,3,0,1
BRDA:70,3,1,5
BRDA:77,4,0,5
BRDA:77,4,1,3
BRDA:78,5,0,5
BRDA:78,5,1,3
BRDA:79,6,0,5
BRDA:79,6,1,3
BRDA:103,7,0,1
BRDA:103,7,1,4
BRDA:113,8,0,0
BRDA:113,8,1,4
BRDA:117,9,0,1
BRDA:117,9,1,3
BRDA:141,10,0,0
BRDA:141,10,1,1
BRDA:147,11,0,0
BRDA:147,11,1,1
BRF:24
BRH:21
end_of_record
TN:
SF:src\resolvers\types\Category.inputs.ts
FN:19,(anonymous_2)
FNF:1
FNH:1
FNDA:9,(anonymous_2)
DA:1,3
DA:2,3
DA:4,3
DA:7,3
DA:17,3
DA:19,9
DA:20,3
LF:7
LH:7
BRF:0
BRH:0
end_of_record
TN:
SF:src\resolvers\types\Event.inputs.ts
FN:21,(anonymous_2)
FN:26,(anonymous_3)
FN:30,(anonymous_4)
FN:33,(anonymous_5)
FN:37,(anonymous_6)
FNF:5
FNH:5
FNDA:9,(anonymous_2)
FNDA:9,(anonymous_3)
FNDA:9,(anonymous_4)
FNDA:9,(anonymous_5)
FNDA:9,(anonymous_6)
DA:2,3
DA:10,3
DA:13,3
DA:16,3
DA:19,3
DA:21,9
DA:24,3
DA:26,9
DA:28,3
DA:30,9
DA:31,3
DA:33,9
DA:35,3
DA:37,9
DA:39,3
LF:15
LH:15
BRF:0
BRH:0
end_of_record
TN:
SF:src\resolvers\types\Goal.inputs.ts
FN:7,(anonymous_2)
FN:10,(anonymous_3)
FNF:2
FNH:2
FNDA:3,(anonymous_2)
FNDA:3,(anonymous_3)
DA:1,3
DA:2,3
DA:6,3
DA:7,3
DA:8,3
DA:10,3
DA:13,3
LF:7
LH:7
BRF:0
BRH:0
end_of_record
TN:
SF:src\resolvers\types\Savings.types.ts
FN:9,(anonymous_2)
FNF:1
FNH:1
FNDA:3,(anonymous_2)
DA:2,3
DA:3,3
DA:8,3
DA:9,3
DA:11,3
DA:15,3
LF:6
LH:6
BRF:0
BRH:0
end_of_record
TN:
SF:src\resolvers\types\User.inputs.ts
FNF:0
FNH:0
DA:1,3
DA:2,3
DA:6,3
DA:9,3
DA:14,3
DA:18,3
DA:21,3
DA:28,3
DA:34,3
DA:40,3
DA:44,3
DA:48,3
DA:53,3
DA:57,3
DA:61,3
DA:67,3
DA:74,3
DA:81,3
LF:18
LH:18
BRF:0
BRH:0
end_of_record
TN:
SF:src\utils\envVars.ts
FNF:0
FNH:0
DA:1,3
DA:3,3
DA:5,3
LF:3
LH:3
BRDA:1,0,0,3
BRDA:1,0,1,3
BRDA:3,1,0,3
BRDA:3,1,1,3
BRF:4
BRH:4
end_of_record
