TN:
SF:__tests__\testSetup.ts
FN:23,(anonymous_1)
FN:26,(anonymous_2)
FN:37,(anonymous_3)
FN:42,(anonymous_4)
FN:46,(anonymous_5)
FN:55,(anonymous_6)
FNF:6
FNH:6
FNDA:1,(anonymous_1)
FNDA:1,(anonymous_2)
FNDA:1,(anonymous_3)
FNDA:25,(anonymous_4)
FNDA:24,(anonymous_5)
FNDA:4,(anonymous_6)
DA:1,1
DA:2,1
DA:3,1
DA:5,1
DA:6,1
DA:8,1
DA:20,1
DA:24,1
DA:27,1
DA:29,1
DA:38,1
DA:39,1
DA:43,25
DA:47,24
DA:48,24
DA:49,120
DA:51,120
DA:56,4
LF:18
LH:18
BRF:0
BRH:0
end_of_record
TN:
SF:__tests__\seeds\index.ts
FN:8,(anonymous_1)
FN:11,(anonymous_2)
FNF:2
FNH:2
FNDA:25,(anonymous_1)
FNDA:50,(anonymous_2)
DA:1,1
DA:2,1
DA:3,1
DA:4,1
DA:6,1
DA:8,1
DA:9,25
DA:11,25
DA:12,50
DA:15,25
DA:16,25
DA:19,25
DA:21,25
DA:23,25
DA:24,0
DA:27,25
DA:29,25
LF:17
LH:16
BRDA:23,0,0,0
BRDA:23,0,1,25
BRF:2
BRH:1
end_of_record
TN:
SF:src\server.ts
FN:16,(anonymous_1)
FN:38,(anonymous_2)
FNF:2
FNH:2
FNDA:1,(anonymous_1)
FNDA:24,(anonymous_2)
DA:1,1
DA:2,1
DA:3,1
DA:4,1
DA:5,1
DA:7,1
DA:8,1
DA:9,1
DA:10,1
DA:11,1
DA:12,1
DA:14,1
DA:16,1
DA:17,1
DA:36,1
DA:39,24
DA:41,24
DA:42,4
DA:43,4
DA:49,20
DA:53,1
DA:55,1
DA:57,1
LF:23
LH:23
BRDA:39,0,0,24
BRDA:39,0,1,20
BRDA:41,1,0,4
BRDA:41,1,1,20
BRF:4
BRH:4
end_of_record
TN:
SF:src\entities\Category.ts
FN:9,(anonymous_2)
FN:16,(anonymous_3)
FN:20,(anonymous_4)
FNF:3
FNH:3
FNDA:1,(anonymous_2)
FNDA:1,(anonymous_3)
FNDA:1,(anonymous_4)
DA:1,1
DA:2,1
DA:3,1
DA:4,1
DA:5,1
DA:8,1
DA:9,1
DA:10,1
DA:14,1
DA:16,1
DA:18,1
DA:20,1
DA:22,1
DA:25,1
LF:14
LH:14
BRF:0
BRH:0
end_of_record
TN:
SF:src\entities\Event.ts
FN:10,(anonymous_2)
FN:17,(anonymous_3)
FN:21,(anonymous_4)
FN:29,(anonymous_5)
FN:39,(anonymous_6)
FN:42,(anonymous_7)
FNF:6
FNH:6
FNDA:1,(anonymous_2)
FNDA:1,(anonymous_3)
FNDA:1,(anonymous_4)
FNDA:1,(anonymous_5)
FNDA:1,(anonymous_6)
FNDA:1,(anonymous_7)
DA:1,1
DA:2,1
DA:3,1
DA:4,1
DA:5,1
DA:6,1
DA:9,1
DA:10,1
DA:11,1
DA:15,1
DA:17,1
DA:19,1
DA:21,1
DA:23,1
DA:27,1
DA:29,1
DA:31,1
DA:34,1
DA:37,1
DA:39,1
DA:40,1
DA:42,1
DA:44,1
DA:47,1
LF:24
LH:24
BRF:0
BRH:0
end_of_record
TN:
SF:src\entities\Goal.ts
FN:8,(anonymous_2)
FN:11,(anonymous_3)
FN:15,(anonymous_4)
FN:19,(anonymous_5)
FN:23,(anonymous_6)
FN:27,(anonymous_7)
FN:31,(anonymous_8)
FN:35,(anonymous_9)
FNF:8
FNH:8
FNDA:1,(anonymous_2)
FNDA:1,(anonymous_3)
FNDA:1,(anonymous_4)
FNDA:1,(anonymous_5)
FNDA:1,(anonymous_6)
FNDA:1,(anonymous_7)
FNDA:1,(anonymous_8)
FNDA:1,(anonymous_9)
DA:1,1
DA:2,1
DA:3,1
DA:4,1
DA:7,1
DA:8,1
DA:9,1
DA:11,1
DA:13,1
DA:15,1
DA:17,1
DA:19,1
DA:21,1
DA:23,1
DA:25,1
DA:27,1
DA:29,1
DA:31,1
DA:33,1
DA:35,1
DA:36,1
DA:39,1
LF:22
LH:22
BRF:0
BRH:0
end_of_record
TN:
SF:src\entities\Savings.ts
FN:9,(anonymous_2)
FN:12,(anonymous_3)
FN:16,(anonymous_4)
FN:23,(anonymous_5)
FN:26,(anonymous_6)
FNF:5
FNH:5
FNDA:1,(anonymous_2)
FNDA:1,(anonymous_3)
FNDA:1,(anonymous_4)
FNDA:1,(anonymous_5)
FNDA:1,(anonymous_6)
DA:1,1
DA:2,1
DA:3,1
DA:4,1
DA:5,1
DA:8,1
DA:9,1
DA:10,1
DA:12,1
DA:14,1
DA:16,1
DA:18,1
DA:21,1
DA:23,1
DA:24,1
DA:26,1
DA:28,1
DA:31,1
LF:18
LH:18
BRF:0
BRH:0
end_of_record
TN:
SF:src\entities\User.ts
FN:43,(anonymous_3)
FN:50,(anonymous_4)
FN:63,(anonymous_5)
FN:69,(anonymous_6)
FN:10,(anonymous_7)
FN:40,(anonymous_8)
FNF:6
FNH:6
FNDA:2,(anonymous_3)
FNDA:4,(anonymous_4)
FNDA:6,(anonymous_5)
FNDA:5,(anonymous_6)
FNDA:1,(anonymous_7)
FNDA:1,(anonymous_8)
DA:1,1
DA:2,1
DA:3,1
DA:4,1
DA:5,1
DA:6,1
DA:9,1
DA:10,1
DA:11,1
DA:15,1
DA:19,1
DA:23,1
DA:27,1
DA:31,1
DA:35,1
DA:38,1
DA:40,1
DA:41,1
DA:45,2
DA:47,2
DA:51,4
DA:52,4
DA:57,4
DA:59,0
DA:64,6
DA:66,6
DA:70,5
DA:72,5
DA:76,1
LF:29
LH:28
BRDA:45,0,0,1
BRDA:45,0,1,1
BRDA:47,1,0,2
BRDA:47,1,1,0
BRDA:47,2,0,2
BRDA:47,2,1,0
BRF:6
BRH:4
end_of_record
TN:
SF:src\entities\utils\Positivity.enum.ts
FN:3,(anonymous_0)
FN:15,(anonymous_1)
FNF:2
FNH:2
FNDA:1,(anonymous_0)
FNDA:1,(anonymous_1)
DA:1,1
DA:3,1
DA:4,1
DA:5,1
DA:6,1
DA:9,1
DA:15,1
DA:16,1
DA:17,1
DA:20,1
LF:10
LH:10
BRDA:3,0,0,1
BRDA:3,0,1,1
BRDA:15,1,0,1
BRDA:15,1,1,1
BRF:4
BRH:4
end_of_record
TN:
SF:src\middlewares\authCheck.middleware.ts
FN:5,(anonymous_0)
FNF:1
FNH:1
FNDA:5,(anonymous_0)
DA:1,1
DA:5,1
DA:9,5
DA:10,1
DA:15,4
DA:16,4
DA:19,0
LF:7
LH:6
BRDA:7,0,0,0
BRDA:9,1,0,1
BRDA:9,1,1,4
BRDA:15,2,0,4
BRDA:15,2,1,0
BRF:5
BRH:3
end_of_record
TN:
SF:src\middlewares\errorInterceptor.middleware.ts
FN:4,(anonymous_0)
FNF:1
FNH:1
FNDA:47,(anonymous_0)
DA:1,1
DA:4,1
DA:5,47
DA:6,47
DA:9,14
DA:10,8
DA:11,8
DA:12,8
DA:14,8
DA:19,8
DA:22,6
LF:11
LH:11
BRDA:9,0,0,8
BRDA:9,0,1,6
BRF:2
BRH:2
end_of_record
TN:
SF:src\resolvers\Category.resolvers.ts
FN:11,(anonymous_4)
FN:21,(anonymous_5)
FN:55,(anonymous_6)
FN:10,(anonymous_7)
FN:20,(anonymous_8)
FN:54,(anonymous_9)
FN:7,(anonymous_10)
FNF:7
FNH:3
FNDA:0,(anonymous_4)
FNDA:0,(anonymous_5)
FNDA:0,(anonymous_6)
FNDA:1,(anonymous_7)
FNDA:1,(anonymous_8)
FNDA:1,(anonymous_9)
FNDA:0,(anonymous_10)
DA:1,1
DA:2,1
DA:3,1
DA:5,1
DA:7,0
DA:8,1
DA:10,1
DA:11,1
DA:12,0
DA:16,0
DA:20,1
DA:21,1
DA:26,0
DA:39,0
DA:40,0
DA:45,0
DA:50,0
DA:54,1
DA:55,1
DA:59,0
DA:60,0
DA:65,0
DA:66,0
DA:69,0
DA:70,0
DA:75,0
DA:77,0
LF:27
LH:11
BRDA:39,0,0,0
BRDA:39,0,1,0
BRDA:65,1,0,0
BRDA:65,1,1,0
BRDA:69,2,0,0
BRDA:69,2,1,0
BRF:6
BRH:0
end_of_record
TN:
SF:src\resolvers\Event.resolvers.ts
FN:21,(anonymous_4)
FN:33,(anonymous_5)
FN:51,(anonymous_6)
FN:78,(anonymous_7)
FN:20,(anonymous_8)
FN:32,(anonymous_9)
FN:50,(anonymous_10)
FN:17,(anonymous_11)
FNF:8
FNH:4
FNDA:0,(anonymous_4)
FNDA:0,(anonymous_5)
FNDA:0,(anonymous_6)
FNDA:0,(anonymous_7)
FNDA:1,(anonymous_8)
FNDA:1,(anonymous_9)
FNDA:1,(anonymous_10)
FNDA:35,(anonymous_11)
DA:2,1
DA:12,1
DA:13,1
DA:15,1
DA:17,35
DA:18,1
DA:20,1
DA:21,1
DA:22,0
DA:23,0
DA:25,0
DA:27,0
DA:32,1
DA:33,1
DA:37,0
DA:42,0
DA:43,0
DA:45,0
DA:50,1
DA:51,1
DA:55,0
DA:56,0
DA:61,0
DA:62,0
DA:65,0
DA:66,0
DA:71,0
DA:73,0
DA:78,1
DA:79,0
DA:80,0
LF:31
LH:13
BRDA:61,0,0,0
BRDA:61,0,1,0
BRDA:65,1,0,0
BRDA:65,1,1,0
BRF:4
BRH:0
end_of_record
TN:
SF:src\resolvers\Goal.resolvers.ts
FN:22,(anonymous_4)
FN:30,(anonymous_5)
FN:62,(anonymous_6)
FN:88,(anonymous_7)
FN:111,(anonymous_8)
FN:132,(anonymous_9)
FN:21,(anonymous_10)
FN:29,(anonymous_11)
FN:61,(anonymous_12)
FN:87,(anonymous_13)
FN:110,(anonymous_14)
FN:131,(anonymous_15)
FN:18,(anonymous_16)
FNF:13
FNH:6
FNDA:0,(anonymous_4)
FNDA:0,(anonymous_5)
FNDA:0,(anonymous_6)
FNDA:0,(anonymous_7)
FNDA:0,(anonymous_8)
FNDA:0,(anonymous_9)
FNDA:1,(anonymous_10)
FNDA:1,(anonymous_11)
FNDA:1,(anonymous_12)
FNDA:1,(anonymous_13)
FNDA:1,(anonymous_14)
FNDA:0,(anonymous_15)
FNDA:34,(anonymous_16)
DA:2,1
DA:3,1
DA:13,1
DA:14,1
DA:16,1
DA:18,34
DA:19,1
DA:21,1
DA:22,1
DA:23,0
DA:25,0
DA:29,1
DA:30,1
DA:34,0
DA:39,0
DA:40,0
DA:47,0
DA:53,0
DA:54,0
DA:56,0
DA:61,1
DA:62,1
DA:66,0
DA:67,0
DA:72,0
DA:73,0
DA:76,0
DA:77,0
DA:80,0
DA:82,0
DA:87,1
DA:88,1
DA:93,0
DA:95,0
DA:96,0
DA:103,0
DA:104,0
DA:106,0
DA:110,1
DA:111,1
DA:115,0
DA:117,0
DA:118,0
DA:125,0
DA:126,0
DA:128,0
DA:131,0
DA:132,1
DA:133,0
DA:134,0
DA:135,0
DA:136,0
DA:138,0
LF:53
LH:18
BRDA:39,0,0,0
BRDA:39,0,1,0
BRDA:72,1,0,0
BRDA:72,1,1,0
BRDA:76,2,0,0
BRDA:76,2,1,0
BRDA:95,3,0,0
BRDA:95,3,1,0
BRDA:117,4,0,0
BRDA:117,4,1,0
BRF:10
BRH:0
end_of_record
TN:
SF:src\resolvers\Savings.resolvers.ts
FN:22,(anonymous_4)
FN:28,(anonymous_5)
FN:37,(anonymous_6)
FN:66,(anonymous_7)
FN:87,(anonymous_8)
FN:21,(anonymous_9)
FN:27,(anonymous_10)
FN:36,(anonymous_11)
FN:65,(anonymous_12)
FN:18,(anonymous_13)
FNF:10
FNH:5
FNDA:0,(anonymous_4)
FNDA:0,(anonymous_5)
FNDA:0,(anonymous_6)
FNDA:0,(anonymous_7)
FNDA:0,(anonymous_8)
FNDA:1,(anonymous_9)
FNDA:1,(anonymous_10)
FNDA:1,(anonymous_11)
FNDA:1,(anonymous_12)
FNDA:33,(anonymous_13)
DA:2,1
DA:3,1
DA:13,1
DA:14,1
DA:16,1
DA:18,33
DA:19,1
DA:21,1
DA:22,1
DA:23,0
DA:27,1
DA:28,1
DA:32,0
DA:36,1
DA:37,1
DA:42,0
DA:47,0
DA:48,0
DA:55,0
DA:61,0
DA:65,1
DA:66,1
DA:70,0
DA:75,0
DA:76,0
DA:79,0
DA:80,0
DA:83,0
DA:87,1
DA:88,0
LF:30
LH:16
BRDA:47,0,0,0
BRDA:47,0,1,0
BRDA:75,1,0,0
BRDA:75,1,1,0
BRDA:79,2,0,0
BRDA:79,2,1,0
BRF:6
BRH:0
end_of_record
TN:
SF:src\resolvers\User.resolvers.ts
FN:28,(anonymous_5)
FN:50,(anonymous_6)
FN:102,(anonymous_7)
FN:140,(anonymous_8)
FN:161,(anonymous_9)
FN:182,(anonymous_10)
FN:27,(anonymous_11)
FN:49,(anonymous_12)
FN:101,(anonymous_13)
FN:139,(anonymous_14)
FN:25,(anonymous_15)
FNF:11
FNH:10
FNDA:6,(anonymous_5)
FNDA:7,(anonymous_6)
FNDA:2,(anonymous_7)
FNDA:0,(anonymous_8)
FNDA:2,(anonymous_9)
FNDA:1,(anonymous_10)
FNDA:1,(anonymous_11)
FNDA:1,(anonymous_12)
FNDA:1,(anonymous_13)
FNDA:1,(anonymous_14)
FNDA:63,(anonymous_15)
DA:1,1
DA:2,1
DA:11,1
DA:13,1
DA:14,1
DA:21,1
DA:23,1
DA:25,63
DA:26,1
DA:27,1
DA:28,1
DA:32,6
DA:34,6
DA:35,1
DA:40,5
DA:41,1
DA:46,4
DA:49,1
DA:50,1
DA:62,7
DA:63,1
DA:68,6
DA:70,6
DA:71,1
DA:77,5
DA:78,5
DA:79,5
DA:81,5
DA:89,5
DA:91,5
DA:92,5
DA:94,5
DA:96,0
DA:101,1
DA:102,1
DA:107,2
DA:108,1
DA:115,1
DA:117,1
DA:118,0
DA:121,1
DA:122,1
DA:127,0
DA:129,0
DA:130,0
DA:132,0
DA:134,0
DA:139,1
DA:140,1
DA:144,0
DA:145,0
DA:150,0
DA:151,0
DA:154,0
DA:156,0
DA:161,1
DA:164,2
DA:178,2
DA:182,1
DA:183,1
DA:185,1
DA:187,1
DA:188,0
DA:191,1
LF:64
LH:50
BRDA:34,0,0,1
BRDA:34,0,1,5
BRDA:40,1,0,1
BRDA:40,1,1,4
BRDA:62,2,0,1
BRDA:62,2,1,6
BRDA:70,3,0,1
BRDA:70,3,1,5
BRDA:77,4,0,5
BRDA:77,4,1,3
BRDA:78,5,0,5
BRDA:78,5,1,3
BRDA:79,6,0,5
BRDA:79,6,1,3
BRDA:107,7,0,1
BRDA:107,7,1,1
BRDA:117,8,0,0
BRDA:117,8,1,1
BRDA:121,9,0,1
BRDA:121,9,1,0
BRDA:150,10,0,0
BRDA:150,10,1,0
BRF:22
BRH:18
end_of_record
TN:
SF:src\resolvers\types\Category.inputs.ts
FN:15,(anonymous_2)
FNF:1
FNH:1
FNDA:1,(anonymous_2)
DA:1,1
DA:2,1
DA:4,1
DA:7,1
DA:13,1
DA:15,1
DA:16,1
LF:7
LH:7
BRF:0
BRH:0
end_of_record
TN:
SF:src\resolvers\types\Event.inputs.ts
FN:21,(anonymous_2)
FN:26,(anonymous_3)
FN:30,(anonymous_4)
FN:33,(anonymous_5)
FN:37,(anonymous_6)
FNF:5
FNH:5
FNDA:1,(anonymous_2)
FNDA:1,(anonymous_3)
FNDA:1,(anonymous_4)
FNDA:1,(anonymous_5)
FNDA:1,(anonymous_6)
DA:2,1
DA:10,1
DA:13,1
DA:16,1
DA:19,1
DA:21,1
DA:24,1
DA:26,1
DA:28,1
DA:30,1
DA:31,1
DA:33,1
DA:35,1
DA:37,1
DA:39,1
LF:15
LH:15
BRF:0
BRH:0
end_of_record
TN:
SF:src\resolvers\types\Goal.inputs.ts
FN:7,(anonymous_2)
FN:10,(anonymous_3)
FNF:2
FNH:2
FNDA:1,(anonymous_2)
FNDA:1,(anonymous_3)
DA:1,1
DA:2,1
DA:6,1
DA:7,1
DA:8,1
DA:10,1
DA:13,1
LF:7
LH:7
BRF:0
BRH:0
end_of_record
TN:
SF:src\resolvers\types\Savings.types.ts
FN:9,(anonymous_2)
FNF:1
FNH:1
FNDA:1,(anonymous_2)
DA:2,1
DA:3,1
DA:8,1
DA:9,1
DA:11,1
DA:15,1
LF:6
LH:6
BRF:0
BRH:0
end_of_record
TN:
SF:src\resolvers\types\User.inputs.ts
FNF:0
FNH:0
DA:1,1
DA:2,1
DA:6,1
DA:9,1
DA:14,1
DA:18,1
DA:21,1
DA:28,1
DA:34,1
DA:40,1
DA:44,1
DA:48,1
DA:53,1
DA:57,1
DA:61,1
DA:67,1
DA:74,1
DA:81,1
LF:18
LH:18
BRF:0
BRH:0
end_of_record
TN:
SF:src\utils\envVars.ts
FNF:0
FNH:0
DA:1,1
DA:3,1
DA:5,1
LF:3
LH:3
BRDA:1,0,0,1
BRDA:1,0,1,0
BRDA:3,1,0,1
BRDA:3,1,1,0
BRF:4
BRH:2
end_of_record
